TN:
SF:public\js\LatexASTAdapter.js
FN:3,(anonymous_0)
FN:8,(anonymous_1)
FN:14,(anonymous_2)
FN:42,(anonymous_3)
FN:61,(anonymous_4)
FN:66,(anonymous_5)
FNF:6
FNH:0
FNDA:0,(anonymous_0)
FNDA:0,(anonymous_1)
FNDA:0,(anonymous_2)
FNDA:0,(anonymous_3)
FNDA:0,(anonymous_4)
FNDA:0,(anonymous_5)
DA:4,0
DA:9,0
DA:10,0
DA:15,0
DA:16,0
DA:19,0
DA:20,0
DA:23,0
DA:25,0
DA:28,0
DA:31,0
DA:34,0
DA:37,0
DA:43,0
DA:46,0
DA:51,0
DA:54,0
DA:58,0
DA:61,0
DA:67,0
LF:20
LH:0
BRDA:9,0,0,0
BRDA:9,0,1,0
BRDA:15,1,0,0
BRDA:15,1,1,0
BRDA:19,2,0,0
BRDA:19,2,1,0
BRDA:23,3,0,0
BRDA:23,3,1,0
BRDA:23,3,2,0
BRDA:23,3,3,0
BRDA:23,3,4,0
BRDA:43,4,0,0
BRDA:43,4,1,0
BRDA:43,4,2,0
BRDA:43,4,3,0
BRDA:43,4,4,0
BRDA:43,4,5,0
BRDA:43,4,6,0
BRDA:43,4,7,0
BRDA:43,4,8,0
BRDA:61,5,0,0
BRDA:61,5,1,0
BRF:22
BRH:0
end_of_record
TN:
SF:public\js\diffUtils.js
FN:9,initDiff2Html
FN:12,(anonymous_1)
FN:13,(anonymous_2)
FN:17,(anonymous_3)
FN:31,(anonymous_4)
FN:43,(anonymous_5)
FN:65,(anonymous_6)
FN:68,(anonymous_7)
FN:80,(anonymous_8)
FN:94,(anonymous_9)
FN:97,(anonymous_10)
FN:102,(anonymous_11)
FN:107,(anonymous_12)
FN:112,(anonymous_13)
FN:121,(anonymous_14)
FN:125,(anonymous_15)
FN:131,(anonymous_16)
FN:138,(anonymous_17)
FN:144,(anonymous_18)
FN:167,(anonymous_19)
FN:184,astToString
FN:221,createDiffHtml
FN:226,highlightLatexSyntax
FN:231,extractTextFromLatex
FN:233,(anonymous_24)
FN:240,(anonymous_25)
FN:252,(anonymous_26)
FNF:27
FNH:20
FNDA:1,initDiff2Html
FNDA:0,(anonymous_1)
FNDA:0,(anonymous_2)
FNDA:1,(anonymous_3)
FNDA:0,(anonymous_4)
FNDA:0,(anonymous_5)
FNDA:3,(anonymous_6)
FNDA:9,(anonymous_7)
FNDA:2,(anonymous_8)
FNDA:1,(anonymous_9)
FNDA:2,(anonymous_10)
FNDA:1,(anonymous_11)
FNDA:3,(anonymous_12)
FNDA:7,(anonymous_13)
FNDA:2,(anonymous_14)
FNDA:2,(anonymous_15)
FNDA:2,(anonymous_16)
FNDA:0,(anonymous_17)
FNDA:14,(anonymous_18)
FNDA:8,(anonymous_19)
FNDA:8,astToString
FNDA:0,createDiffHtml
FNDA:0,highlightLatexSyntax
FNDA:6,extractTextFromLatex
FNDA:6,(anonymous_24)
FNDA:4,(anonymous_25)
FNDA:2,(anonymous_26)
DA:11,1
DA:12,0
DA:13,0
DA:14,0
DA:17,1
DA:19,1
DA:20,0
DA:21,0
DA:22,0
DA:23,0
DA:24,0
DA:27,1
DA:29,1
DA:30,1
DA:31,1
DA:33,0
DA:34,0
DA:35,0
DA:36,0
DA:37,0
DA:39,0
DA:40,0
DA:43,1
DA:44,0
DA:45,0
DA:49,1
DA:66,3
DA:67,3
DA:68,3
DA:69,9
DA:70,3
DA:72,6
DA:73,1
DA:75,5
DA:81,2
DA:82,2
DA:83,4
DA:84,2
DA:90,2
DA:95,1
DA:96,1
DA:97,2
DA:103,1
DA:108,3
DA:109,3
DA:110,3
DA:112,3
DA:113,7
DA:114,7
DA:115,7
DA:118,3
DA:122,2
DA:125,2
DA:126,2
DA:127,2
DA:130,2
DA:131,2
DA:132,2
DA:133,0
DA:135,2
DA:138,2
DA:139,0
DA:144,2
DA:145,14
DA:146,4
DA:147,4
DA:150,4
DA:151,4
DA:153,4
DA:154,4
DA:155,0
DA:157,0
DA:159,4
DA:162,4
DA:166,14
DA:167,8
DA:171,14
DA:172,4
DA:176,2
DA:177,2
DA:185,8
DA:186,0
DA:189,8
DA:190,4
DA:193,4
DA:195,0
DA:200,0
DA:204,0
DA:205,0
DA:206,0
DA:209,0
DA:213,4
DA:214,4
DA:217,0
DA:232,6
DA:233,6
DA:234,6
DA:235,6
DA:236,6
DA:239,6
DA:240,6
DA:241,4
DA:242,4
DA:243,0
DA:245,4
DA:246,4
DA:247,4
DA:248,4
DA:249,4
DA:252,6
DA:253,2
DA:254,2
DA:261,1
DA:262,1
DA:263,1
DA:265,0
LF:116
LH:85
BRDA:11,0,0,0
BRDA:11,0,1,1
BRDA:19,1,0,0
BRDA:19,1,1,1
BRDA:33,2,0,0
BRDA:33,2,1,0
BRDA:69,3,0,3
BRDA:69,3,1,6
BRDA:72,4,0,1
BRDA:72,4,1,5
BRDA:83,5,0,2
BRDA:83,5,1,2
BRDA:83,6,0,4
BRDA:83,6,1,4
BRDA:85,7,0,2
BRDA:85,7,1,0
BRDA:113,8,0,2
BRDA:113,8,1,5
BRDA:114,9,0,2
BRDA:114,9,1,5
BRDA:115,10,0,3
BRDA:115,10,1,4
BRDA:115,11,0,7
BRDA:115,11,1,7
BRDA:115,11,2,5
BRDA:126,12,0,2
BRDA:126,12,1,0
BRDA:132,13,0,0
BRDA:132,13,1,2
BRDA:145,14,0,4
BRDA:145,14,1,10
BRDA:145,15,0,14
BRDA:145,15,1,4
BRDA:145,15,2,0
BRDA:151,16,0,8
BRDA:151,16,1,4
BRDA:151,17,0,4
BRDA:151,17,1,0
BRDA:151,17,2,0
BRDA:153,18,0,4
BRDA:153,18,1,0
BRDA:155,19,0,0
BRDA:155,19,1,0
BRDA:155,20,0,0
BRDA:155,20,1,0
BRDA:166,21,0,2
BRDA:166,21,1,12
BRDA:166,22,0,14
BRDA:166,22,1,10
BRDA:171,23,0,4
BRDA:171,23,1,10
BRDA:185,24,0,0
BRDA:185,24,1,8
BRDA:189,25,0,4
BRDA:189,25,1,4
BRDA:193,26,0,0
BRDA:193,26,1,4
BRDA:195,27,0,0
BRDA:195,27,1,0
BRDA:195,27,2,0
BRDA:195,27,3,0
BRDA:195,27,4,0
BRDA:195,27,5,0
BRDA:200,28,0,0
BRDA:200,28,1,0
BRDA:204,29,0,0
BRDA:204,29,1,0
BRDA:205,30,0,0
BRDA:205,30,1,0
BRDA:209,31,0,0
BRDA:209,31,1,0
BRDA:213,32,0,4
BRDA:213,32,1,0
BRDA:213,33,0,4
BRDA:213,33,1,4
BRDA:221,34,0,0
BRDA:221,35,0,0
BRDA:234,36,0,6
BRDA:234,36,1,0
BRDA:242,37,0,0
BRDA:242,37,1,4
BRDA:261,38,0,1
BRDA:261,38,1,0
BRF:83
BRH:46
end_of_record
TN:
SF:public\js\latexWorker.js
FN:4,(anonymous_0)
FNF:1
FNH:0
FNDA:0,(anonymous_0)
DA:2,0
DA:4,0
DA:5,0
DA:6,0
DA:7,0
DA:12,0
LF:6
LH:0
BRF:0
BRH:0
end_of_record
TN:
SF:public\js\main.js
FN:6,loadDiffUtils
FN:18,(anonymous_1)
FN:32,(anonymous_2)
FN:34,(anonymous_3)
FN:46,(anonymous_4)
FN:56,(anonymous_5)
FN:62,init
FN:101,addLog
FN:112,showResumeChanges
FN:162,setDiffView
FN:165,(anonymous_10)
FN:181,toggleComparisonMode
FN:203,savePrompts
FN:212,resetPrompts
FN:221,editChanges
FN:258,saveChanges
FN:273,cancelEdit
FN:279,acceptChanges
FN:356,createStreamingContainer
FN:370,updateStreamingContent
FN:381,updateStreamingStatus
FN:387,streamAnalyzeJob
FN:424,(anonymous_22)
FN:428,(anonymous_23)
FN:508,(anonymous_24)
FN:519,(anonymous_25)
FN:520,(anonymous_26)
FN:563,(anonymous_27)
FN:567,(anonymous_28)
FN:598,streamTailorResume
FN:616,(anonymous_30)
FN:620,(anonymous_31)
FN:641,(anonymous_32)
FN:645,(anonymous_33)
FN:673,handleSubmit
FN:677,(anonymous_35)
FN:680,(anonymous_36)
FN:808,(anonymous_37)
FN:809,(anonymous_38)
FN:843,(anonymous_39)
FN:845,(anonymous_40)
FN:849,(anonymous_41)
FN:855,(anonymous_42)
FN:865,showError
FN:869,(anonymous_44)
FN:874,resetUI
FN:877,(anonymous_46)
FN:888,showLoader
FN:900,handleAnalysisChunk
FN:904,handleAnalysisComplete
FN:909,handleAnalysisError
FN:915,handleStatusUpdate
FN:925,(anonymous_52)
FN:975,(anonymous_53)
FN:977,(anonymous_54)
FN:982,(anonymous_55)
FNF:56
FNH:0
FNDA:0,loadDiffUtils
FNDA:0,(anonymous_1)
FNDA:0,(anonymous_2)
FNDA:0,(anonymous_3)
FNDA:0,(anonymous_4)
FNDA:0,(anonymous_5)
FNDA:0,init
FNDA:0,addLog
FNDA:0,showResumeChanges
FNDA:0,setDiffView
FNDA:0,(anonymous_10)
FNDA:0,toggleComparisonMode
FNDA:0,savePrompts
FNDA:0,resetPrompts
FNDA:0,editChanges
FNDA:0,saveChanges
FNDA:0,cancelEdit
FNDA:0,acceptChanges
FNDA:0,createStreamingContainer
FNDA:0,updateStreamingContent
FNDA:0,updateStreamingStatus
FNDA:0,streamAnalyzeJob
FNDA:0,(anonymous_22)
FNDA:0,(anonymous_23)
FNDA:0,(anonymous_24)
FNDA:0,(anonymous_25)
FNDA:0,(anonymous_26)
FNDA:0,(anonymous_27)
FNDA:0,(anonymous_28)
FNDA:0,streamTailorResume
FNDA:0,(anonymous_30)
FNDA:0,(anonymous_31)
FNDA:0,(anonymous_32)
FNDA:0,(anonymous_33)
FNDA:0,handleSubmit
FNDA:0,(anonymous_35)
FNDA:0,(anonymous_36)
FNDA:0,(anonymous_37)
FNDA:0,(anonymous_38)
FNDA:0,(anonymous_39)
FNDA:0,(anonymous_40)
FNDA:0,(anonymous_41)
FNDA:0,(anonymous_42)
FNDA:0,showError
FNDA:0,(anonymous_44)
FNDA:0,resetUI
FNDA:0,(anonymous_46)
FNDA:0,showLoader
FNDA:0,handleAnalysisChunk
FNDA:0,handleAnalysisComplete
FNDA:0,handleAnalysisError
FNDA:0,handleStatusUpdate
FNDA:0,(anonymous_52)
FNDA:0,(anonymous_53)
FNDA:0,(anonymous_54)
FNDA:0,(anonymous_55)
DA:7,0
DA:8,0
DA:9,0
DA:10,0
DA:11,0
DA:12,0
DA:14,0
DA:16,0
DA:17,0
DA:18,0
DA:19,0
DA:24,0
DA:32,0
DA:33,0
DA:34,0
DA:35,0
DA:36,0
DA:42,0
DA:46,0
DA:47,0
DA:56,0
DA:57,0
DA:64,0
DA:67,0
DA:68,0
DA:69,0
DA:70,0
DA:72,0
DA:83,0
DA:102,0
DA:103,0
DA:105,0
DA:106,0
DA:107,0
DA:108,0
DA:109,0
DA:113,0
DA:115,0
DA:121,0
DA:124,0
DA:125,0
DA:126,0
DA:129,0
DA:130,0
DA:134,0
DA:135,0
DA:136,0
DA:137,0
DA:138,0
DA:139,0
DA:140,0
DA:141,0
DA:142,0
DA:143,0
DA:145,0
DA:148,0
DA:149,0
DA:151,0
DA:152,0
DA:158,0
DA:163,0
DA:164,0
DA:165,0
DA:166,0
DA:167,0
DA:169,0
DA:174,0
DA:175,0
DA:176,0
DA:182,0
DA:185,0
DA:186,0
DA:187,0
DA:188,0
DA:194,0
DA:195,0
DA:196,0
DA:200,0
DA:204,0
DA:205,0
DA:206,0
DA:207,0
DA:208,0
DA:209,0
DA:213,0
DA:214,0
DA:215,0
DA:216,0
DA:217,0
DA:218,0
DA:222,0
DA:226,0
DA:227,0
DA:228,0
DA:230,0
DA:231,0
DA:234,0
DA:235,0
DA:236,0
DA:239,0
DA:240,0
DA:254,0
DA:255,0
DA:259,0
DA:260,0
DA:261,0
DA:264,0
DA:265,0
DA:266,0
DA:269,0
DA:270,0
DA:274,0
DA:275,0
DA:276,0
DA:280,0
DA:281,0
DA:282,0
DA:283,0
DA:284,0
DA:287,0
DA:289,0
DA:290,0
DA:291,0
DA:293,0
DA:301,0
DA:303,0
DA:304,0
DA:308,0
DA:309,0
DA:310,0
DA:316,0
DA:320,0
DA:323,0
DA:324,0
DA:326,0
DA:329,0
DA:330,0
DA:348,0
DA:349,0
DA:351,0
DA:357,0
DA:358,0
DA:359,0
DA:366,0
DA:371,0
DA:372,0
DA:373,0
DA:375,0
DA:377,0
DA:382,0
DA:383,0
DA:389,0
DA:390,0
DA:391,0
DA:392,0
DA:394,0
DA:395,0
DA:397,0
DA:398,0
DA:400,0
DA:402,0
DA:406,0
DA:409,0
DA:412,0
DA:413,0
DA:416,0
DA:417,0
DA:418,0
DA:419,0
DA:420,0
DA:423,0
DA:425,0
DA:426,0
DA:429,0
DA:430,0
DA:432,0
DA:434,0
DA:436,0
DA:446,0
DA:449,0
DA:451,0
DA:453,0
DA:455,0
DA:457,0
DA:458,0
DA:459,0
DA:461,0
DA:464,0
DA:467,0
DA:472,0
DA:477,0
DA:479,0
DA:485,0
DA:486,0
DA:489,0
DA:490,0
DA:492,0
DA:494,0
DA:495,0
DA:498,0
DA:499,0
DA:508,0
DA:510,0
DA:512,0
DA:513,0
DA:514,0
DA:516,0
DA:519,0
DA:520,0
DA:521,0
DA:522,0
DA:526,0
DA:529,0
DA:533,0
DA:545,0
DA:547,0
DA:548,0
DA:550,0
DA:551,0
DA:553,0
DA:557,0
DA:558,0
DA:560,0
DA:564,0
DA:565,0
DA:568,0
DA:569,0
DA:570,0
DA:571,0
DA:587,0
DA:588,0
DA:589,0
DA:600,0
DA:601,0
DA:603,0
DA:604,0
DA:606,0
DA:608,0
DA:610,0
DA:617,0
DA:618,0
DA:622,0
DA:625,0
DA:628,0
DA:629,0
DA:632,0
DA:633,0
DA:636,0
DA:639,0
DA:642,0
DA:643,0
DA:646,0
DA:647,0
DA:650,0
DA:659,0
DA:660,0
DA:663,0
DA:674,0
DA:677,0
DA:680,0
DA:681,0
DA:685,0
DA:687,0
DA:690,0
DA:691,0
DA:693,0
DA:694,0
DA:695,0
DA:696,0
DA:697,0
DA:698,0
DA:700,0
DA:701,0
DA:703,0
DA:707,0
DA:708,0
DA:710,0
DA:711,0
DA:712,0
DA:713,0
DA:714,0
DA:715,0
DA:717,0
DA:718,0
DA:722,0
DA:723,0
DA:725,0
DA:726,0
DA:727,0
DA:728,0
DA:729,0
DA:730,0
DA:732,0
DA:733,0
DA:735,0
DA:740,0
DA:741,0
DA:745,0
DA:746,0
DA:749,0
DA:752,0
DA:755,0
DA:756,0
DA:759,0
DA:760,0
DA:761,0
DA:764,0
DA:767,0
DA:768,0
DA:770,0
DA:773,0
DA:777,0
DA:778,0
DA:779,0
DA:783,0
DA:784,0
DA:786,0
DA:787,0
DA:790,0
DA:791,0
DA:792,0
DA:796,0
DA:797,0
DA:798,0
DA:799,0
DA:800,0
DA:801,0
DA:804,0
DA:808,0
DA:809,0
DA:810,0
DA:815,0
DA:816,0
DA:819,0
DA:820,0
DA:823,0
DA:826,0
DA:829,0
DA:832,0
DA:836,0
DA:837,0
DA:839,0
DA:843,0
DA:845,0
DA:846,0
DA:847,0
DA:850,0
DA:855,0
DA:856,0
DA:857,0
DA:866,0
DA:867,0
DA:868,0
DA:869,0
DA:870,0
DA:876,0
DA:877,0
DA:889,0
DA:890,0
DA:891,0
DA:892,0
DA:893,0
DA:894,0
DA:897,0
DA:901,0
DA:905,0
DA:906,0
DA:910,0
DA:911,0
DA:912,0
DA:916,0
DA:925,0
DA:926,0
DA:927,0
DA:928,0
DA:929,0
DA:930,0
DA:932,0
DA:935,0
DA:938,0
DA:939,0
DA:940,0
DA:943,0
DA:944,0
DA:945,0
DA:948,0
DA:949,0
DA:950,0
DA:953,0
DA:954,0
DA:955,0
DA:958,0
DA:959,0
DA:960,0
DA:963,0
DA:975,0
DA:977,0
DA:978,0
DA:982,0
DA:983,0
LF:400
LH:0
BRDA:16,0,0,0
BRDA:16,0,1,0
BRDA:16,1,0,0
BRDA:16,1,1,0
BRDA:21,2,0,0
BRDA:21,2,1,0
BRDA:21,3,0,0
BRDA:21,3,1,0
BRDA:101,4,0,0
BRDA:103,5,0,0
BRDA:103,5,1,0
BRDA:115,6,0,0
BRDA:115,6,1,0
BRDA:115,6,2,0
BRDA:115,6,3,0
BRDA:129,7,0,0
BRDA:129,7,1,0
BRDA:129,8,0,0
BRDA:129,8,1,0
BRDA:135,9,0,0
BRDA:135,9,1,0
BRDA:135,10,0,0
BRDA:135,10,1,0
BRDA:135,10,2,0
BRDA:139,11,0,0
BRDA:139,11,1,0
BRDA:143,12,0,0
BRDA:143,12,1,0
BRDA:143,13,0,0
BRDA:143,13,1,0
BRDA:145,14,0,0
BRDA:145,14,1,0
BRDA:166,15,0,0
BRDA:166,15,1,0
BRDA:175,16,0,0
BRDA:175,16,1,0
BRDA:175,17,0,0
BRDA:175,17,1,0
BRDA:186,18,0,0
BRDA:186,18,1,0
BRDA:187,19,0,0
BRDA:187,19,1,0
BRDA:188,20,0,0
BRDA:188,20,1,0
BRDA:195,21,0,0
BRDA:195,21,1,0
BRDA:195,22,0,0
BRDA:195,22,1,0
BRDA:200,23,0,0
BRDA:200,23,1,0
BRDA:226,24,0,0
BRDA:226,24,1,0
BRDA:226,25,0,0
BRDA:226,25,1,0
BRDA:234,26,0,0
BRDA:234,26,1,0
BRDA:243,27,0,0
BRDA:243,27,1,0
BRDA:265,28,0,0
BRDA:265,28,1,0
BRDA:282,29,0,0
BRDA:282,29,1,0
BRDA:303,30,0,0
BRDA:303,30,1,0
BRDA:304,31,0,0
BRDA:304,31,1,0
BRDA:334,32,0,0
BRDA:334,32,1,0
BRDA:370,33,0,0
BRDA:372,34,0,0
BRDA:372,34,1,0
BRDA:434,35,0,0
BRDA:434,35,1,0
BRDA:458,36,0,0
BRDA:458,36,1,0
BRDA:458,37,0,0
BRDA:458,37,1,0
BRDA:494,38,0,0
BRDA:494,38,1,0
BRDA:494,39,0,0
BRDA:494,39,1,0
BRDA:494,39,2,0
BRDA:498,40,0,0
BRDA:498,40,1,0
BRDA:510,41,0,0
BRDA:510,41,1,0
BRDA:510,42,0,0
BRDA:510,42,1,0
BRDA:516,43,0,0
BRDA:516,43,1,0
BRDA:517,44,0,0
BRDA:517,44,1,0
BRDA:519,45,0,0
BRDA:519,45,1,0
BRDA:519,46,0,0
BRDA:519,46,1,0
BRDA:519,47,0,0
BRDA:519,47,1,0
BRDA:521,48,0,0
BRDA:521,48,1,0
BRDA:521,49,0,0
BRDA:521,49,1,0
BRDA:548,50,0,0
BRDA:548,50,1,0
BRDA:557,51,0,0
BRDA:557,51,1,0
BRDA:557,52,0,0
BRDA:557,52,1,0
BRDA:564,53,0,0
BRDA:564,53,1,0
BRDA:565,54,0,0
BRDA:565,54,1,0
BRDA:625,55,0,0
BRDA:625,55,1,0
BRDA:628,56,0,0
BRDA:628,56,1,0
BRDA:628,57,0,0
BRDA:628,57,1,0
BRDA:642,58,0,0
BRDA:642,58,1,0
BRDA:643,59,0,0
BRDA:643,59,1,0
BRDA:691,60,0,0
BRDA:691,60,1,0
BRDA:708,61,0,0
BRDA:708,61,1,0
BRDA:723,62,0,0
BRDA:723,62,1,0
BRDA:740,63,0,0
BRDA:740,63,1,0
BRDA:752,64,0,0
BRDA:752,64,1,0
BRDA:755,65,0,0
BRDA:755,65,1,0
BRDA:778,66,0,0
BRDA:778,66,1,0
BRDA:783,67,0,0
BRDA:783,67,1,0
BRDA:784,68,0,0
BRDA:784,68,1,0
BRDA:791,69,0,0
BRDA:791,69,1,0
BRDA:797,70,0,0
BRDA:797,70,1,0
BRDA:797,71,0,0
BRDA:797,71,1,0
BRDA:836,72,0,0
BRDA:836,72,1,0
BRDA:846,73,0,0
BRDA:846,73,1,0
BRDA:856,74,0,0
BRDA:856,74,1,0
BRDA:890,75,0,0
BRDA:890,75,1,0
BRDA:897,76,0,0
BRDA:897,76,1,0
BRDA:901,77,0,0
BRDA:901,77,1,0
BRDA:938,78,0,0
BRDA:938,78,1,0
BRDA:943,79,0,0
BRDA:943,79,1,0
BRDA:948,80,0,0
BRDA:948,80,1,0
BRDA:953,81,0,0
BRDA:953,81,1,0
BRDA:958,82,0,0
BRDA:958,82,1,0
BRF:168
BRH:0
end_of_record
TN:
SF:public\js\simple.js
FNF:0
FNH:0
LF:0
LH:0
BRF:0
BRH:0
end_of_record
TN:
SF:public\js\streamingHandler.js
FN:7,(anonymous_0)
FN:15,(anonymous_1)
FN:16,(anonymous_2)
FN:19,(anonymous_3)
FN:24,(anonymous_4)
FN:40,(anonymous_5)
FN:56,(anonymous_6)
FN:69,(anonymous_7)
FN:86,(anonymous_8)
FN:99,(anonymous_9)
FN:109,(anonymous_10)
FN:113,(anonymous_11)
FN:120,(anonymous_12)
FN:126,(anonymous_13)
FN:156,(anonymous_14)
FN:159,(anonymous_15)
FN:162,(anonymous_16)
FN:166,(anonymous_17)
FN:172,(anonymous_18)
FN:188,(anonymous_19)
FN:195,(anonymous_20)
FN:213,(anonymous_21)
FN:256,(anonymous_22)
FN:329,(anonymous_23)
FN:396,(anonymous_24)
FN:458,(anonymous_25)
FN:470,(anonymous_26)
FN:507,(anonymous_27)
FN:532,(anonymous_28)
FN:658,(anonymous_29)
FN:696,(anonymous_30)
FN:718,(anonymous_31)
FN:728,(anonymous_32)
FN:767,(anonymous_33)
FN:768,(anonymous_34)
FN:780,(anonymous_35)
FN:804,(anonymous_36)
FN:814,(anonymous_37)
FN:826,(anonymous_38)
FN:840,(anonymous_39)
FN:850,(anonymous_40)
FN:851,(anonymous_41)
FN:868,streamAnalyzeJob
FN:923,validateAnalyzeFields
FN:957,processJobAnalysis
FN:967,(anonymous_45)
FN:986,extractValidJSON
FN:1012,(anonymous_47)
FN:1015,(anonymous_48)
FN:1067,processMistralEventData
FN:1148,processMistralError
FN:1192,prepareMistralParameters
FN:1238,createMistralMessages
FN:1258,streamTailorResume
FN:1259,(anonymous_54)
FN:1287,(anonymous_55)
FN:1343,(anonymous_56)
FN:1360,(anonymous_57)
FN:1365,(anonymous_58)
FN:1405,(anonymous_59)
FN:1409,(anonymous_60)
FN:1419,(anonymous_61)
FN:1434,extractTextFromJSON
FN:1443,(anonymous_63)
FN:1449,(anonymous_64)
FN:1465,validateStreamTailorInputs
FNF:66
FNH:22
FNDA:33,(anonymous_0)
FNDA:2,(anonymous_1)
FNDA:2,(anonymous_2)
FNDA:6,(anonymous_3)
FNDA:1,(anonymous_4)
FNDA:1,(anonymous_5)
FNDA:4,(anonymous_6)
FNDA:1,(anonymous_7)
FNDA:0,(anonymous_8)
FNDA:0,(anonymous_9)
FNDA:0,(anonymous_10)
FNDA:9,(anonymous_11)
FNDA:45,(anonymous_12)
FNDA:2,(anonymous_13)
FNDA:0,(anonymous_14)
FNDA:0,(anonymous_15)
FNDA:0,(anonymous_16)
FNDA:0,(anonymous_17)
FNDA:7,(anonymous_18)
FNDA:0,(anonymous_19)
FNDA:7,(anonymous_20)
FNDA:5,(anonymous_21)
FNDA:6,(anonymous_22)
FNDA:0,(anonymous_23)
FNDA:0,(anonymous_24)
FNDA:0,(anonymous_25)
FNDA:0,(anonymous_26)
FNDA:0,(anonymous_27)
FNDA:1,(anonymous_28)
FNDA:0,(anonymous_29)
FNDA:0,(anonymous_30)
FNDA:0,(anonymous_31)
FNDA:0,(anonymous_32)
FNDA:0,(anonymous_33)
FNDA:0,(anonymous_34)
FNDA:0,(anonymous_35)
FNDA:0,(anonymous_36)
FNDA:0,(anonymous_37)
FNDA:0,(anonymous_38)
FNDA:7,(anonymous_39)
FNDA:2,(anonymous_40)
FNDA:4,(anonymous_41)
FNDA:0,streamAnalyzeJob
FNDA:2,validateAnalyzeFields
FNDA:1,processJobAnalysis
FNDA:3,(anonymous_45)
FNDA:0,extractValidJSON
FNDA:0,(anonymous_47)
FNDA:0,(anonymous_48)
FNDA:0,processMistralEventData
FNDA:0,processMistralError
FNDA:0,prepareMistralParameters
FNDA:0,createMistralMessages
FNDA:0,streamTailorResume
FNDA:0,(anonymous_54)
FNDA:0,(anonymous_55)
FNDA:0,(anonymous_56)
FNDA:0,(anonymous_57)
FNDA:0,(anonymous_58)
FNDA:0,(anonymous_59)
FNDA:0,(anonymous_60)
FNDA:0,(anonymous_61)
FNDA:0,extractTextFromJSON
FNDA:0,(anonymous_63)
FNDA:0,(anonymous_64)
FNDA:0,validateStreamTailorInputs
DA:8,33
DA:9,33
DA:10,33
DA:11,33
DA:12,33
DA:16,2
DA:21,6
DA:24,6
DA:25,1
DA:26,1
DA:27,1
DA:28,1
DA:31,0
DA:32,0
DA:33,0
DA:37,6
DA:40,6
DA:41,1
DA:42,1
DA:43,1
DA:44,1
DA:47,0
DA:48,0
DA:49,0
DA:53,6
DA:56,6
DA:57,4
DA:58,4
DA:59,4
DA:60,4
DA:63,0
DA:66,6
DA:69,6
DA:70,1
DA:71,1
DA:72,1
DA:73,1
DA:74,1
DA:75,1
DA:77,0
DA:80,1
DA:83,6
DA:86,6
DA:87,0
DA:88,0
DA:89,0
DA:91,0
DA:94,6
DA:96,6
DA:100,0
DA:101,0
DA:110,0
DA:114,9
DA:116,9
DA:119,9
DA:120,9
DA:121,45
DA:127,2
DA:129,2
DA:130,0
DA:134,2
DA:135,1
DA:136,0
DA:140,1
DA:141,0
DA:144,1
DA:146,1
DA:148,1
DA:157,0
DA:159,0
DA:163,0
DA:167,0
DA:168,0
DA:173,7
DA:174,7
DA:177,7
DA:178,0
DA:179,0
DA:188,0
DA:196,7
DA:199,7
DA:200,0
DA:201,0
DA:202,0
DA:204,0
DA:205,0
DA:206,0
DA:211,7
DA:213,5
DA:218,7
DA:219,0
DA:220,0
DA:221,0
DA:223,0
DA:224,0
DA:225,0
DA:230,7
DA:231,7
DA:232,11
DA:233,5
DA:234,5
DA:235,5
DA:237,0
DA:238,0
DA:239,0
DA:244,2
DA:258,6
DA:261,6
DA:264,6
DA:265,0
DA:266,0
DA:270,6
DA:271,4
DA:272,4
DA:276,2
DA:278,2
DA:279,2
DA:281,2
DA:282,0
DA:286,2
DA:287,0
DA:290,2
DA:291,0
DA:294,2
DA:300,2
DA:301,2
DA:302,0
DA:303,0
DA:304,0
DA:306,0
DA:310,2
DA:311,0
DA:315,2
DA:316,2
DA:318,0
DA:320,2
DA:321,0
DA:325,2
DA:326,2
DA:329,2
DA:330,0
DA:332,0
DA:333,0
DA:337,0
DA:338,0
DA:341,0
DA:342,0
DA:344,0
DA:348,0
DA:349,0
DA:353,0
DA:355,0
DA:357,0
DA:358,0
DA:361,0
DA:362,0
DA:364,0
DA:368,0
DA:369,0
DA:373,0
DA:374,0
DA:377,0
DA:378,0
DA:381,0
DA:382,0
DA:385,0
DA:386,0
DA:387,0
DA:390,0
DA:391,0
DA:396,2
DA:397,0
DA:399,0
DA:402,0
DA:403,0
DA:404,0
DA:405,0
DA:406,0
DA:407,0
DA:408,0
DA:412,0
DA:415,0
DA:416,0
DA:417,0
DA:418,0
DA:421,0
DA:425,0
DA:428,0
DA:429,0
DA:434,0
DA:435,0
DA:437,0
DA:438,0
DA:439,0
DA:440,0
DA:441,0
DA:443,0
DA:448,0
DA:449,0
DA:450,0
DA:453,0
DA:458,2
DA:459,0
DA:460,0
DA:463,0
DA:464,0
DA:466,0
DA:470,2
DA:471,0
DA:472,0
DA:473,0
DA:475,0
DA:476,0
DA:478,0
DA:480,0
DA:482,0
DA:485,0
DA:486,0
DA:489,0
DA:491,0
DA:495,0
DA:499,0
DA:501,0
DA:504,0
DA:505,0
DA:506,0
DA:507,0
DA:508,0
DA:511,0
DA:512,0
DA:516,0
DA:517,0
DA:518,0
DA:534,1
DA:537,1
DA:539,1
DA:541,1
DA:542,1
DA:547,0
DA:549,0
DA:556,0
DA:557,0
DA:560,0
DA:561,0
DA:569,0
DA:589,0
DA:591,0
DA:605,0
DA:606,0
DA:612,0
DA:614,0
DA:615,0
DA:616,0
DA:619,0
DA:622,0
DA:625,0
DA:626,0
DA:629,0
DA:638,0
DA:642,0
DA:643,0
DA:646,0
DA:647,0
DA:648,0
DA:651,0
DA:654,0
DA:655,0
DA:658,0
DA:659,0
DA:661,0
DA:662,0
DA:664,0
DA:665,0
DA:666,0
DA:669,0
DA:670,0
DA:674,0
DA:676,0
DA:678,0
DA:680,0
DA:681,0
DA:685,0
DA:686,0
DA:687,0
DA:688,0
DA:692,0
DA:696,0
DA:697,0
DA:698,0
DA:699,0
DA:700,0
DA:703,0
DA:704,0
DA:705,0
DA:709,0
DA:710,0
DA:713,0
DA:718,0
DA:719,0
DA:720,0
DA:721,0
DA:722,0
DA:724,0
DA:728,0
DA:729,0
DA:730,0
DA:731,0
DA:732,0
DA:733,0
DA:735,0
DA:736,0
DA:737,0
DA:739,0
DA:740,0
DA:746,0
DA:750,0
DA:752,0
DA:755,1
DA:756,1
DA:757,1
DA:768,0
DA:769,0
DA:770,0
DA:771,0
DA:774,0
DA:775,0
DA:776,0
DA:777,0
DA:780,0
DA:781,0
DA:782,0
DA:784,0
DA:785,0
DA:786,0
DA:788,0
DA:789,0
DA:791,0
DA:793,0
DA:795,0
DA:797,0
DA:800,0
DA:804,0
DA:805,0
DA:816,0
DA:817,0
DA:820,0
DA:821,0
DA:824,0
DA:826,0
DA:827,0
DA:828,0
DA:833,0
DA:841,7
DA:842,2
DA:843,2
DA:851,2
DA:852,4
DA:858,2
DA:869,0
DA:870,0
DA:873,0
DA:874,0
DA:878,0
DA:879,0
DA:883,0
DA:884,0
DA:887,0
DA:888,0
DA:892,0
DA:893,0
DA:897,0
DA:906,0
DA:907,0
DA:911,0
DA:912,0
DA:915,0
DA:916,0
DA:917,0
DA:925,2
DA:926,1
DA:927,1
DA:928,1
DA:932,1
DA:933,1
DA:934,1
DA:935,1
DA:939,0
DA:940,0
DA:941,0
DA:942,0
DA:943,0
DA:944,0
DA:948,0
DA:958,1
DA:959,1
DA:962,1
DA:963,0
DA:966,1
DA:967,3
DA:969,1
DA:970,1
DA:976,1
DA:977,1
DA:988,0
DA:989,0
DA:992,0
DA:994,0
DA:996,0
DA:999,0
DA:1002,0
DA:1004,0
DA:1005,0
DA:1006,0
DA:1007,0
DA:1011,0
DA:1012,0
DA:1013,0
DA:1015,0
DA:1016,0
DA:1020,0
DA:1021,0
DA:1022,0
DA:1026,0
DA:1030,0
DA:1031,0
DA:1033,0
DA:1035,0
DA:1036,0
DA:1037,0
DA:1039,0
DA:1046,0
DA:1048,0
DA:1049,0
DA:1050,0
DA:1051,0
DA:1054,0
DA:1058,0
DA:1068,0
DA:1070,0
DA:1072,0
DA:1073,0
DA:1081,0
DA:1083,0
DA:1086,0
DA:1087,0
DA:1095,0
DA:1097,0
DA:1100,0
DA:1101,0
DA:1111,0
DA:1113,0
DA:1119,0
DA:1121,0
DA:1132,0
DA:1133,0
DA:1136,0
DA:1138,0
DA:1139,0
DA:1149,0
DA:1151,0
DA:1152,0
DA:1156,0
DA:1157,0
DA:1158,0
DA:1159,0
DA:1162,0
DA:1164,0
DA:1166,0
DA:1168,0
DA:1170,0
DA:1172,0
DA:1175,0
DA:1180,0
DA:1182,0
DA:1183,0
DA:1194,0
DA:1206,0
DA:1209,0
DA:1212,0
DA:1213,0
DA:1214,0
DA:1216,0
DA:1220,0
DA:1221,0
DA:1222,0
DA:1223,0
DA:1224,0
DA:1225,0
DA:1226,0
DA:1228,0
DA:1240,0
DA:1245,0
DA:1250,0
DA:1259,0
DA:1260,0
DA:1261,0
DA:1262,0
DA:1264,0
DA:1265,0
DA:1267,0
DA:1274,0
DA:1276,0
DA:1277,0
DA:1278,0
DA:1280,0
DA:1285,0
DA:1287,0
DA:1288,0
DA:1290,0
DA:1291,0
DA:1292,0
DA:1297,0
DA:1299,0
DA:1305,0
DA:1307,0
DA:1312,0
DA:1313,0
DA:1316,0
DA:1317,0
DA:1318,0
DA:1322,0
DA:1323,0
DA:1326,0
DA:1329,0
DA:1330,0
DA:1334,0
DA:1342,0
DA:1343,0
DA:1345,0
DA:1346,0
DA:1350,0
DA:1354,0
DA:1355,0
DA:1359,0
DA:1360,0
DA:1362,0
DA:1365,0
DA:1369,0
DA:1390,0
DA:1403,0
DA:1404,0
DA:1406,0
DA:1407,0
DA:1410,0
DA:1411,0
DA:1414,0
DA:1415,0
DA:1419,0
DA:1420,0
DA:1423,0
DA:1425,0
DA:1426,0
DA:1436,0
DA:1437,0
DA:1438,0
DA:1439,0
DA:1440,0
DA:1442,0
DA:1444,0
DA:1445,0
DA:1446,0
DA:1447,0
DA:1449,0
DA:1454,0
DA:1466,0
DA:1467,0
DA:1470,0
DA:1471,0
DA:1475,0
DA:1476,0
DA:1478,0
DA:1480,0
DA:1487,0
DA:1488,0
DA:1489,0
DA:1491,0
DA:1495,0
DA:1496,0
DA:1499,0
LF:579
LH:121
BRDA:27,0,0,1
BRDA:27,0,1,0
BRDA:27,1,0,1
BRDA:27,1,1,1
BRDA:32,2,0,0
BRDA:32,2,1,0
BRDA:43,3,0,1
BRDA:43,3,1,0
BRDA:44,4,0,1
BRDA:44,4,1,0
BRDA:48,5,0,0
BRDA:48,5,1,0
BRDA:59,6,0,4
BRDA:59,6,1,0
BRDA:70,7,0,1
BRDA:70,7,1,0
BRDA:72,8,0,1
BRDA:72,8,1,0
BRDA:75,9,0,1
BRDA:75,9,1,0
BRDA:87,10,0,0
BRDA:87,10,1,0
BRDA:88,11,0,0
BRDA:88,11,1,0
BRDA:89,12,0,0
BRDA:89,12,1,0
BRDA:114,13,0,9
BRDA:114,13,1,0
BRDA:129,14,0,0
BRDA:129,14,1,2
BRDA:129,15,0,2
BRDA:129,15,1,2
BRDA:135,16,0,0
BRDA:135,16,1,1
BRDA:135,17,0,1
BRDA:135,17,1,1
BRDA:140,18,0,0
BRDA:140,18,1,1
BRDA:140,19,0,1
BRDA:140,19,1,0
BRDA:140,19,2,0
BRDA:167,20,0,0
BRDA:167,20,1,0
BRDA:172,21,0,7
BRDA:177,22,0,0
BRDA:177,22,1,7
BRDA:199,23,0,0
BRDA:199,23,1,7
BRDA:200,24,0,0
BRDA:200,24,1,0
BRDA:212,25,0,5
BRDA:212,25,1,2
BRDA:213,26,0,5
BRDA:213,26,1,0
BRDA:214,27,0,0
BRDA:214,27,1,5
BRDA:218,28,0,0
BRDA:218,28,1,7
BRDA:219,29,0,0
BRDA:219,29,1,0
BRDA:232,30,0,5
BRDA:232,30,1,6
BRDA:232,31,0,11
BRDA:232,31,1,6
BRDA:233,32,0,5
BRDA:233,32,1,0
BRDA:256,33,0,0
BRDA:264,34,0,0
BRDA:264,34,1,6
BRDA:270,35,0,4
BRDA:270,35,1,2
BRDA:281,36,0,0
BRDA:281,36,1,2
BRDA:286,37,0,0
BRDA:286,37,1,2
BRDA:286,38,0,2
BRDA:286,38,1,2
BRDA:290,39,0,0
BRDA:290,39,1,2
BRDA:290,40,0,2
BRDA:290,40,1,2
BRDA:301,41,0,0
BRDA:301,41,1,2
BRDA:302,42,0,0
BRDA:302,42,1,0
BRDA:302,43,0,0
BRDA:302,43,1,0
BRDA:304,44,0,0
BRDA:304,44,1,0
BRDA:310,45,0,0
BRDA:310,45,1,2
BRDA:310,46,0,2
BRDA:310,46,1,2
BRDA:311,47,0,0
BRDA:311,47,1,0
BRDA:320,48,0,0
BRDA:320,48,1,2
BRDA:320,49,0,2
BRDA:320,49,1,2
BRDA:332,50,0,0
BRDA:332,50,1,0
BRDA:337,51,0,0
BRDA:337,51,1,0
BRDA:337,52,0,0
BRDA:337,52,1,0
BRDA:341,53,0,0
BRDA:341,53,1,0
BRDA:341,54,0,0
BRDA:341,54,1,0
BRDA:355,55,0,0
BRDA:355,55,1,0
BRDA:357,56,0,0
BRDA:357,56,1,0
BRDA:361,57,0,0
BRDA:361,57,1,0
BRDA:361,58,0,0
BRDA:361,58,1,0
BRDA:373,59,0,0
BRDA:373,59,1,0
BRDA:377,60,0,0
BRDA:377,60,1,0
BRDA:381,61,0,0
BRDA:381,61,1,0
BRDA:386,62,0,0
BRDA:386,62,1,0
BRDA:390,63,0,0
BRDA:390,63,1,0
BRDA:402,64,0,0
BRDA:402,64,1,0
BRDA:403,65,0,0
BRDA:403,65,1,0
BRDA:404,66,0,0
BRDA:404,66,1,0
BRDA:406,67,0,0
BRDA:406,67,1,0
BRDA:408,68,0,0
BRDA:408,68,1,0
BRDA:408,69,0,0
BRDA:408,69,1,0
BRDA:408,69,2,0
BRDA:408,69,3,0
BRDA:415,70,0,0
BRDA:415,70,1,0
BRDA:415,71,0,0
BRDA:415,71,1,0
BRDA:437,72,0,0
BRDA:437,72,1,0
BRDA:438,73,0,0
BRDA:438,73,1,0
BRDA:440,74,0,0
BRDA:440,74,1,0
BRDA:449,75,0,0
BRDA:449,75,1,0
BRDA:459,76,0,0
BRDA:459,76,1,0
BRDA:463,77,0,0
BRDA:463,77,1,0
BRDA:464,78,0,0
BRDA:464,78,1,0
BRDA:472,79,0,0
BRDA:472,79,1,0
BRDA:475,80,0,0
BRDA:475,80,1,0
BRDA:480,81,0,0
BRDA:480,81,1,0
BRDA:504,82,0,0
BRDA:504,82,1,0
BRDA:517,83,0,0
BRDA:517,83,1,0
BRDA:541,84,0,1
BRDA:541,84,1,0
BRDA:541,85,0,1
BRDA:541,85,1,1
BRDA:541,85,2,0
BRDA:547,86,0,0
BRDA:547,86,1,0
BRDA:551,87,0,0
BRDA:551,87,1,0
BRDA:556,88,0,0
BRDA:556,88,1,0
BRDA:556,89,0,0
BRDA:556,89,1,0
BRDA:560,90,0,0
BRDA:560,90,1,0
BRDA:560,91,0,0
BRDA:560,91,1,0
BRDA:574,92,0,0
BRDA:574,92,1,0
BRDA:579,93,0,0
BRDA:579,93,1,0
BRDA:582,94,0,0
BRDA:582,94,1,0
BRDA:605,95,0,0
BRDA:605,95,1,0
BRDA:614,96,0,0
BRDA:614,96,1,0
BRDA:614,97,0,0
BRDA:614,97,1,0
BRDA:619,98,0,0
BRDA:619,98,1,0
BRDA:642,99,0,0
BRDA:642,99,1,0
BRDA:642,100,0,0
BRDA:642,100,1,0
BRDA:647,101,0,0
BRDA:647,101,1,0
BRDA:647,102,0,0
BRDA:647,102,1,0
BRDA:661,103,0,0
BRDA:661,103,1,0
BRDA:661,104,0,0
BRDA:661,104,1,0
BRDA:664,105,0,0
BRDA:664,105,1,0
BRDA:664,106,0,0
BRDA:664,106,1,0
BRDA:676,107,0,0
BRDA:676,107,1,0
BRDA:676,108,0,0
BRDA:676,108,1,0
BRDA:680,109,0,0
BRDA:680,109,1,0
BRDA:686,110,0,0
BRDA:686,110,1,0
BRDA:686,111,0,0
BRDA:686,111,1,0
BRDA:699,112,0,0
BRDA:699,112,1,0
BRDA:699,113,0,0
BRDA:699,113,1,0
BRDA:704,114,0,0
BRDA:704,114,1,0
BRDA:709,115,0,0
BRDA:709,115,1,0
BRDA:709,116,0,0
BRDA:709,116,1,0
BRDA:719,117,0,0
BRDA:719,117,1,0
BRDA:721,118,0,0
BRDA:721,118,1,0
BRDA:722,119,0,0
BRDA:722,119,1,0
BRDA:730,120,0,0
BRDA:730,120,1,0
BRDA:732,121,0,0
BRDA:732,121,1,0
BRDA:736,122,0,0
BRDA:736,122,1,0
BRDA:740,123,0,0
BRDA:740,123,1,0
BRDA:756,124,0,1
BRDA:756,124,1,0
BRDA:775,125,0,0
BRDA:775,125,1,0
BRDA:784,126,0,0
BRDA:784,126,1,0
BRDA:793,127,0,0
BRDA:793,127,1,0
BRDA:816,128,0,0
BRDA:816,128,1,0
BRDA:820,129,0,0
BRDA:820,129,1,0
BRDA:820,130,0,0
BRDA:820,130,1,0
BRDA:821,131,0,0
BRDA:821,131,1,0
BRDA:824,132,0,0
BRDA:824,132,1,0
BRDA:827,133,0,0
BRDA:827,133,1,0
BRDA:828,134,0,0
BRDA:828,134,1,0
BRDA:828,134,2,0
BRDA:841,135,0,2
BRDA:841,135,1,5
BRDA:873,136,0,0
BRDA:873,136,1,0
BRDA:878,137,0,0
BRDA:878,137,1,0
BRDA:878,138,0,0
BRDA:878,138,1,0
BRDA:878,138,2,0
BRDA:883,139,0,0
BRDA:883,139,1,0
BRDA:883,140,0,0
BRDA:883,140,1,0
BRDA:887,141,0,0
BRDA:887,141,1,0
BRDA:892,142,0,0
BRDA:892,142,1,0
BRDA:892,143,0,0
BRDA:892,143,1,0
BRDA:906,144,0,0
BRDA:906,144,1,0
BRDA:911,145,0,0
BRDA:911,145,1,0
BRDA:916,146,0,0
BRDA:916,146,1,0
BRDA:925,147,0,1
BRDA:925,147,1,1
BRDA:932,148,0,1
BRDA:932,148,1,0
BRDA:941,149,0,0
BRDA:941,149,1,0
BRDA:941,150,0,0
BRDA:941,150,1,0
BRDA:962,151,0,0
BRDA:962,151,1,1
BRDA:969,152,0,1
BRDA:969,152,1,0
BRDA:977,153,0,1
BRDA:977,153,1,0
BRDA:988,154,0,0
BRDA:988,154,1,0
BRDA:1002,155,0,0
BRDA:1002,155,1,0
BRDA:1011,156,0,0
BRDA:1011,156,1,0
BRDA:1013,157,0,0
BRDA:1013,157,1,0
BRDA:1015,158,0,0
BRDA:1015,158,1,0
BRDA:1033,159,0,0
BRDA:1033,159,1,0
BRDA:1033,160,0,0
BRDA:1033,160,1,0
BRDA:1049,161,0,0
BRDA:1049,161,1,0
BRDA:1070,162,0,0
BRDA:1070,162,1,0
BRDA:1070,163,0,0
BRDA:1070,163,1,0
BRDA:1070,163,2,0
BRDA:1081,164,0,0
BRDA:1081,164,1,0
BRDA:1083,165,0,0
BRDA:1083,165,1,0
BRDA:1086,166,0,0
BRDA:1086,166,1,0
BRDA:1095,167,0,0
BRDA:1095,167,1,0
BRDA:1095,168,0,0
BRDA:1095,168,1,0
BRDA:1100,169,0,0
BRDA:1100,169,1,0
BRDA:1102,170,0,0
BRDA:1102,170,1,0
BRDA:1102,170,2,0
BRDA:1107,171,0,0
BRDA:1107,171,1,0
BRDA:1111,172,0,0
BRDA:1111,172,1,0
BRDA:1111,173,0,0
BRDA:1111,173,1,0
BRDA:1114,174,0,0
BRDA:1114,174,1,0
BRDA:1119,175,0,0
BRDA:1119,175,1,0
BRDA:1119,176,0,0
BRDA:1119,176,1,0
BRDA:1122,177,0,0
BRDA:1122,177,1,0
BRDA:1124,178,0,0
BRDA:1124,178,1,0
BRDA:1125,179,0,0
BRDA:1125,179,1,0
BRDA:1132,180,0,0
BRDA:1132,180,1,0
BRDA:1151,181,0,0
BRDA:1151,181,1,0
BRDA:1156,182,0,0
BRDA:1156,182,1,0
BRDA:1157,183,0,0
BRDA:1157,183,1,0
BRDA:1159,184,0,0
BRDA:1159,184,1,0
BRDA:1162,185,0,0
BRDA:1162,185,1,0
BRDA:1162,185,2,0
BRDA:1162,185,3,0
BRDA:1162,185,4,0
BRDA:1192,186,0,0
BRDA:1194,187,0,0
BRDA:1194,187,1,0
BRDA:1199,188,0,0
BRDA:1200,189,0,0
BRDA:1202,190,0,0
BRDA:1204,191,0,0
BRDA:1212,192,0,0
BRDA:1212,192,1,0
BRDA:1212,193,0,0
BRDA:1212,193,1,0
BRDA:1214,194,0,0
BRDA:1214,194,1,0
BRDA:1220,195,0,0
BRDA:1220,195,1,0
BRDA:1221,196,0,0
BRDA:1221,196,1,0
BRDA:1222,197,0,0
BRDA:1222,197,1,0
BRDA:1223,198,0,0
BRDA:1223,198,1,0
BRDA:1224,199,0,0
BRDA:1224,199,1,0
BRDA:1225,200,0,0
BRDA:1225,200,1,0
BRDA:1226,201,0,0
BRDA:1226,201,1,0
BRDA:1240,202,0,0
BRDA:1240,202,1,0
BRDA:1246,203,0,0
BRDA:1246,203,1,0
BRDA:1247,204,0,0
BRDA:1247,204,1,0
BRDA:1258,205,0,0
BRDA:1276,206,0,0
BRDA:1276,206,1,0
BRDA:1277,207,0,0
BRDA:1277,207,1,0
BRDA:1290,208,0,0
BRDA:1290,208,1,0
BRDA:1290,209,0,0
BRDA:1290,209,1,0
BRDA:1305,210,0,0
BRDA:1305,210,1,0
BRDA:1305,210,2,0
BRDA:1305,210,3,0
BRDA:1305,210,4,0
BRDA:1329,211,0,0
BRDA:1329,211,1,0
BRDA:1329,212,0,0
BRDA:1329,212,1,0
BRDA:1345,213,0,0
BRDA:1345,213,1,0
BRDA:1354,214,0,0
BRDA:1354,214,1,0
BRDA:1436,215,0,0
BRDA:1436,215,1,0
BRDA:1436,216,0,0
BRDA:1436,216,1,0
BRDA:1438,217,0,0
BRDA:1438,217,1,0
BRDA:1438,218,0,0
BRDA:1438,218,1,0
BRDA:1440,219,0,0
BRDA:1440,219,1,0
BRDA:1440,220,0,0
BRDA:1440,220,1,0
BRDA:1444,221,0,0
BRDA:1444,221,1,0
BRDA:1445,222,0,0
BRDA:1445,222,1,0
BRDA:1446,223,0,0
BRDA:1446,223,1,0
BRDA:1466,224,0,0
BRDA:1466,224,1,0
BRDA:1466,225,0,0
BRDA:1466,225,1,0
BRDA:1466,225,2,0
BRDA:1470,226,0,0
BRDA:1470,226,1,0
BRDA:1470,227,0,0
BRDA:1470,227,1,0
BRDA:1487,228,0,0
BRDA:1487,228,1,0
BRDA:1488,229,0,0
BRDA:1488,229,1,0
BRDA:1495,230,0,0
BRDA:1495,230,1,0
BRF:469
BRH:60
end_of_record
TN:
SF:public\js\util.js
FN:8,initCollapsibles
FN:13,(anonymous_1)
FN:23,(anonymous_2)
FN:44,(anonymous_3)
FN:87,observeDOMChanges
FN:88,(anonymous_5)
FNF:6
FNH:0
FNDA:0,initCollapsibles
FNDA:0,(anonymous_1)
FNDA:0,(anonymous_2)
FNDA:0,(anonymous_3)
FNDA:0,observeDOMChanges
FNDA:0,(anonymous_5)
DA:10,0
DA:13,0
DA:15,0
DA:16,0
DA:20,0
DA:23,0
DA:25,0
DA:28,0
DA:31,0
DA:32,0
DA:34,0
DA:35,0
DA:36,0
DA:39,0
DA:40,0
DA:41,0
DA:44,0
DA:45,0
DA:48,0
DA:49,0
DA:50,0
DA:51,0
DA:52,0
DA:58,0
DA:63,0
DA:64,0
DA:65,0
DA:67,0
DA:68,0
DA:69,0
DA:70,0
DA:72,0
DA:73,0
DA:74,0
DA:75,0
DA:76,0
DA:88,0
DA:89,0
DA:92,0
DA:94,0
DA:98,0
DA:99,0
DA:103,0
DA:104,0
DA:108,0
DA:115,0
LF:46
LH:0
BRDA:15,0,0,0
BRDA:15,0,1,0
BRDA:31,1,0,0
BRDA:31,1,1,0
BRDA:31,2,0,0
BRDA:31,2,1,0
BRDA:31,2,2,0
BRDA:32,3,0,0
BRDA:32,3,1,0
BRDA:32,4,0,0
BRDA:32,4,1,0
BRDA:48,5,0,0
BRDA:48,5,1,0
BRDA:63,6,0,0
BRDA:63,6,1,0
BRDA:65,7,0,0
BRDA:65,7,1,0
BRDA:65,8,0,0
BRDA:65,8,1,0
BRDA:65,8,2,0
BRDA:72,9,0,0
BRDA:72,9,1,0
BRDA:94,10,0,0
BRDA:94,10,1,0
BRDA:94,11,0,0
BRDA:94,11,1,0
BRDA:94,11,2,0
BRDA:94,11,3,0
BRDA:103,12,0,0
BRDA:103,12,1,0
BRF:30
BRH:0
end_of_record
TN:
SF:src\mistralHelper.js
FN:4,(anonymous_0)
FN:11,(anonymous_1)
FN:35,(anonymous_2)
FN:35,(anonymous_3)
FN:59,(anonymous_4)
FN:106,(anonymous_5)
FN:124,(anonymous_6)
FN:157,(anonymous_7)
FN:168,(anonymous_8)
FN:203,(anonymous_9)
FN:220,(anonymous_10)
FN:230,(anonymous_11)
FN:240,(anonymous_12)
FN:243,(anonymous_13)
FN:244,(anonymous_14)
FN:278,(anonymous_15)
FN:279,(anonymous_16)
FN:301,(anonymous_17)
FN:304,(anonymous_18)
FN:320,(anonymous_19)
FN:330,(anonymous_20)
FN:376,(anonymous_21)
FN:393,(anonymous_22)
FN:426,(anonymous_23)
FN:429,(anonymous_24)
FN:434,(anonymous_25)
FN:458,(anonymous_26)
FN:481,(anonymous_27)
FN:528,(anonymous_28)
FN:538,(anonymous_29)
FN:540,(anonymous_30)
FN:640,(anonymous_31)
FN:694,(anonymous_32)
FN:696,(anonymous_33)
FN:710,(anonymous_34)
FN:731,(anonymous_35)
FN:740,(anonymous_36)
FN:756,(anonymous_37)
FN:760,(anonymous_38)
FN:765,(anonymous_39)
FN:770,(anonymous_40)
FN:786,(anonymous_41)
FN:809,(anonymous_42)
FN:846,(anonymous_43)
FN:856,(anonymous_44)
FN:857,(anonymous_45)
FN:875,(anonymous_46)
FN:877,(anonymous_47)
FN:891,(anonymous_48)
FN:893,(anonymous_49)
FN:902,(anonymous_50)
FN:923,(anonymous_51)
FN:932,(anonymous_52)
FN:942,(anonymous_53)
FN:949,(anonymous_54)
FN:971,(anonymous_55)
FN:979,(anonymous_56)
FN:983,(anonymous_57)
FN:1007,(anonymous_58)
FN:1024,extractValidJSON
FN:1087,processMistralResponse
FN:1103,processStreamingResponse
FN:1108,(anonymous_62)
FN:1149,(anonymous_63)
FN:1235,(anonymous_64)
FN:1248,streamAnalyzeJob
FN:1257,(anonymous_66)
FN:1259,(anonymous_67)
FN:1263,(anonymous_68)
FN:1268,(anonymous_69)
FN:1275,(anonymous_70)
FN:1282,(anonymous_71)
FNF:72
FNH:32
FNDA:14,(anonymous_0)
FNDA:14,(anonymous_1)
FNDA:0,(anonymous_2)
FNDA:2,(anonymous_3)
FNDA:3,(anonymous_4)
FNDA:14,(anonymous_5)
FNDA:14,(anonymous_6)
FNDA:3,(anonymous_7)
FNDA:2,(anonymous_8)
FNDA:5,(anonymous_9)
FNDA:0,(anonymous_10)
FNDA:0,(anonymous_11)
FNDA:1,(anonymous_12)
FNDA:3,(anonymous_13)
FNDA:2,(anonymous_14)
FNDA:10,(anonymous_15)
FNDA:10,(anonymous_16)
FNDA:0,(anonymous_17)
FNDA:0,(anonymous_18)
FNDA:3,(anonymous_19)
FNDA:5,(anonymous_20)
FNDA:0,(anonymous_21)
FNDA:0,(anonymous_22)
FNDA:6,(anonymous_23)
FNDA:0,(anonymous_24)
FNDA:0,(anonymous_25)
FNDA:6,(anonymous_26)
FNDA:7,(anonymous_27)
FNDA:7,(anonymous_28)
FNDA:3,(anonymous_29)
FNDA:3,(anonymous_30)
FNDA:4,(anonymous_31)
FNDA:0,(anonymous_32)
FNDA:0,(anonymous_33)
FNDA:0,(anonymous_34)
FNDA:0,(anonymous_35)
FNDA:0,(anonymous_36)
FNDA:2,(anonymous_37)
FNDA:0,(anonymous_38)
FNDA:0,(anonymous_39)
FNDA:0,(anonymous_40)
FNDA:2,(anonymous_41)
FNDA:4,(anonymous_42)
FNDA:4,(anonymous_43)
FNDA:2,(anonymous_44)
FNDA:2,(anonymous_45)
FNDA:0,(anonymous_46)
FNDA:0,(anonymous_47)
FNDA:2,(anonymous_48)
FNDA:0,(anonymous_49)
FNDA:0,(anonymous_50)
FNDA:0,(anonymous_51)
FNDA:0,(anonymous_52)
FNDA:0,(anonymous_53)
FNDA:0,(anonymous_54)
FNDA:5,(anonymous_55)
FNDA:0,(anonymous_56)
FNDA:0,(anonymous_57)
FNDA:2,(anonymous_58)
FNDA:0,extractValidJSON
FNDA:0,processMistralResponse
FNDA:0,processStreamingResponse
FNDA:0,(anonymous_62)
FNDA:0,(anonymous_63)
FNDA:0,(anonymous_64)
FNDA:0,streamAnalyzeJob
FNDA:0,(anonymous_66)
FNDA:0,(anonymous_67)
FNDA:0,(anonymous_68)
FNDA:0,(anonymous_69)
FNDA:0,(anonymous_70)
FNDA:0,(anonymous_71)
DA:5,14
DA:6,0
DA:8,14
DA:12,14
DA:13,14
DA:14,14
DA:15,14
DA:16,14
DA:18,14
DA:28,14
DA:29,0
DA:35,14
DA:36,2
DA:37,2
DA:38,2
DA:39,0
DA:40,0
DA:41,0
DA:42,0
DA:43,0
DA:44,0
DA:46,0
DA:48,2
DA:52,14
DA:53,14
DA:56,14
DA:59,14
DA:61,3
DA:62,0
DA:65,3
DA:66,0
DA:69,3
DA:70,0
DA:73,3
DA:74,1
DA:77,2
DA:79,0
DA:83,2
DA:84,2
DA:88,0
DA:89,0
DA:93,0
DA:94,0
DA:98,0
DA:101,0
DA:102,0
DA:107,14
DA:125,14
DA:158,3
DA:160,3
DA:161,5
DA:162,5
DA:164,2
DA:165,0
DA:168,2
DA:171,5
DA:173,3
DA:175,3
DA:176,0
DA:177,0
DA:181,3
DA:183,3
DA:184,1
DA:190,3
DA:194,0
DA:199,1
DA:204,5
DA:207,5
DA:213,5
DA:214,5
DA:215,5
DA:216,0
DA:220,5
DA:221,0
DA:229,5
DA:231,0
DA:232,0
DA:233,0
DA:234,0
DA:236,0
DA:240,5
DA:241,1
DA:243,3
DA:244,2
DA:249,5
DA:276,5
DA:278,10
DA:279,10
DA:286,5
DA:291,5
DA:292,0
DA:293,0
DA:294,0
DA:296,0
DA:297,0
DA:299,0
DA:301,0
DA:303,0
DA:304,0
DA:305,0
DA:307,0
DA:310,0
DA:313,0
DA:317,5
DA:322,3
DA:323,3
DA:324,0
DA:328,3
DA:330,3
DA:331,5
DA:332,5
DA:340,2
DA:342,2
DA:343,0
DA:347,2
DA:348,2
DA:350,2
DA:353,0
DA:354,0
DA:355,0
DA:358,0
DA:363,0
DA:366,3
DA:367,0
DA:368,0
DA:369,0
DA:371,3
DA:377,0
DA:378,0
DA:381,0
DA:382,0
DA:386,0
DA:389,0
DA:393,0
DA:394,0
DA:395,0
DA:403,0
DA:404,0
DA:405,0
DA:408,0
DA:410,0
DA:411,0
DA:427,6
DA:428,0
DA:429,0
DA:432,6
DA:433,0
DA:434,0
DA:438,6
DA:439,0
DA:442,6
DA:448,6
DA:454,6
DA:455,6
DA:456,6
DA:458,6
DA:459,6
DA:460,6
DA:471,3
DA:472,3
DA:473,3
DA:474,3
DA:475,3
DA:476,3
DA:479,3
DA:481,3
DA:482,7
DA:483,7
DA:485,7
DA:486,7
DA:487,7
DA:489,7
DA:492,7
DA:494,3
DA:497,4
DA:498,4
DA:499,4
DA:501,4
DA:503,4
DA:504,3
DA:505,3
DA:506,3
DA:507,1
DA:508,1
DA:511,4
DA:514,4
DA:515,4
DA:520,0
DA:521,0
DA:523,0
DA:528,3
DA:529,7
DA:530,7
DA:531,7
DA:533,0
DA:538,3
DA:540,3
DA:542,3
DA:543,3
DA:544,0
DA:548,3
DA:549,0
DA:550,0
DA:551,0
DA:552,0
DA:557,3
DA:558,3
DA:560,3
DA:561,0
DA:562,0
DA:563,0
DA:567,3
DA:568,3
DA:570,3
DA:571,119
DA:572,3
DA:573,116
DA:574,2
DA:575,2
DA:576,2
DA:577,2
DA:582,3
DA:584,1
DA:585,1
DA:588,2
DA:591,2
DA:592,0
DA:593,0
DA:598,3
DA:606,3
DA:608,3
DA:609,0
DA:610,0
DA:611,0
DA:612,0
DA:613,0
DA:618,3
DA:619,0
DA:620,0
DA:621,0
DA:625,3
DA:628,2
DA:629,2
DA:630,2
DA:632,0
DA:636,2
DA:637,2
DA:638,3
DA:639,3
DA:640,3
DA:641,4
DA:646,2
DA:647,2
DA:650,2
DA:653,1
DA:655,1
DA:657,1
DA:658,1
DA:659,1
DA:660,1
DA:661,1
DA:662,0
DA:663,0
DA:664,0
DA:668,0
DA:671,0
DA:673,0
DA:675,0
DA:676,0
DA:677,0
DA:678,0
DA:679,0
DA:682,0
DA:684,1
DA:685,1
DA:689,0
DA:690,0
DA:694,3
DA:696,0
DA:699,0
DA:705,0
DA:706,0
DA:710,3
DA:714,3
DA:722,3
DA:726,0
DA:727,0
DA:730,0
DA:731,0
DA:733,0
DA:737,3
DA:738,3
DA:740,3
DA:744,6
DA:758,2
DA:759,0
DA:760,0
DA:763,2
DA:764,0
DA:765,0
DA:768,2
DA:769,0
DA:770,0
DA:774,2
DA:777,2
DA:782,2
DA:783,2
DA:784,2
DA:786,2
DA:787,2
DA:788,2
DA:802,2
DA:803,2
DA:804,2
DA:805,2
DA:807,2
DA:809,2
DA:810,4
DA:811,4
DA:813,4
DA:814,4
DA:815,4
DA:817,4
DA:820,4
DA:821,0
DA:824,4
DA:825,4
DA:826,2
DA:828,2
DA:829,2
DA:830,2
DA:833,2
DA:835,2
DA:836,0
DA:839,2
DA:840,2
DA:846,2
DA:847,4
DA:848,4
DA:849,4
DA:851,0
DA:856,2
DA:857,2
DA:860,2
DA:861,0
DA:862,0
DA:864,0
DA:868,2
DA:869,0
DA:870,0
DA:872,2
DA:875,2
DA:877,0
DA:880,0
DA:886,0
DA:887,0
DA:891,2
DA:893,2
DA:896,2
DA:897,0
DA:902,2
DA:906,0
DA:914,0
DA:918,0
DA:919,0
DA:922,0
DA:923,0
DA:925,0
DA:929,0
DA:930,0
DA:932,0
DA:936,2
DA:943,0
DA:944,0
DA:945,0
DA:949,0
DA:950,0
DA:951,0
DA:953,0
DA:954,0
DA:955,0
DA:956,0
DA:957,0
DA:960,0
DA:965,0
DA:967,0
DA:972,5
DA:973,0
DA:975,5
DA:980,0
DA:981,0
DA:982,0
DA:984,0
DA:985,0
DA:987,0
DA:989,0
DA:991,0
DA:992,0
DA:993,0
DA:994,0
DA:996,0
DA:1001,0
DA:1002,0
DA:1008,2
DA:1011,0
DA:1012,0
DA:1026,0
DA:1027,0
DA:1028,0
DA:1031,0
DA:1033,0
DA:1035,0
DA:1037,0
DA:1039,0
DA:1046,0
DA:1047,0
DA:1048,0
DA:1050,0
DA:1051,0
DA:1052,0
DA:1053,0
DA:1054,0
DA:1055,0
DA:1056,0
DA:1057,0
DA:1058,0
DA:1064,0
DA:1065,0
DA:1066,0
DA:1069,0
DA:1074,0
DA:1076,0
DA:1077,0
DA:1089,0
DA:1090,0
DA:1094,0
DA:1095,0
DA:1096,0
DA:1100,0
DA:1104,0
DA:1105,0
DA:1106,0
DA:1108,0
DA:1109,0
DA:1110,0
DA:1113,0
DA:1116,0
DA:1117,0
DA:1120,0
DA:1123,0
DA:1124,0
DA:1125,0
DA:1129,0
DA:1130,0
DA:1131,0
DA:1132,0
DA:1134,0
DA:1135,0
DA:1136,0
DA:1137,0
DA:1140,0
DA:1146,0
DA:1149,0
DA:1150,0
DA:1151,0
DA:1153,0
DA:1156,0
DA:1157,0
DA:1158,0
DA:1159,0
DA:1163,0
DA:1164,0
DA:1166,0
DA:1168,0
DA:1169,0
DA:1170,0
DA:1171,0
DA:1172,0
DA:1173,0
DA:1175,0
DA:1176,0
DA:1183,0
DA:1184,0
DA:1185,0
DA:1187,0
DA:1190,0
DA:1191,0
DA:1192,0
DA:1196,0
DA:1197,0
DA:1198,0
DA:1199,0
DA:1204,0
DA:1211,0
DA:1213,0
DA:1215,0
DA:1216,0
DA:1219,0
DA:1220,0
DA:1223,0
DA:1225,0
DA:1226,0
DA:1227,0
DA:1230,0
DA:1231,0
DA:1235,0
DA:1236,0
DA:1237,0
DA:1240,0
DA:1241,0
DA:1249,0
DA:1251,0
DA:1255,0
DA:1259,0
DA:1260,0
DA:1265,0
DA:1266,0
DA:1268,0
DA:1269,0
DA:1277,0
DA:1278,0
DA:1280,0
DA:1282,0
DA:1283,0
LF:524
LH:226
BRDA:5,0,0,0
BRDA:5,0,1,14
BRDA:5,1,0,14
BRDA:5,1,1,14
BRDA:5,1,2,14
BRDA:11,2,0,12
BRDA:15,3,0,14
BRDA:15,3,1,14
BRDA:16,4,0,14
BRDA:16,4,1,14
BRDA:24,5,0,14
BRDA:24,5,1,14
BRDA:28,6,0,0
BRDA:28,6,1,14
BRDA:36,7,0,2
BRDA:36,7,1,0
BRDA:36,8,0,2
BRDA:36,8,1,2
BRDA:39,9,0,0
BRDA:39,9,1,0
BRDA:39,10,0,0
BRDA:39,10,1,0
BRDA:41,11,0,0
BRDA:41,11,1,0
BRDA:42,12,0,0
BRDA:42,12,1,0
BRDA:43,13,0,0
BRDA:43,13,1,0
BRDA:52,14,0,14
BRDA:52,14,1,14
BRDA:53,15,0,14
BRDA:53,15,1,14
BRDA:61,16,0,0
BRDA:61,16,1,3
BRDA:61,17,0,3
BRDA:61,17,1,3
BRDA:65,18,0,0
BRDA:65,18,1,3
BRDA:69,19,0,0
BRDA:69,19,1,3
BRDA:69,20,0,3
BRDA:69,20,1,3
BRDA:73,21,0,1
BRDA:73,21,1,2
BRDA:77,22,0,0
BRDA:77,22,1,2
BRDA:77,23,0,2
BRDA:77,23,1,2
BRDA:83,24,0,2
BRDA:83,24,1,0
BRDA:83,25,0,2
BRDA:83,25,1,2
BRDA:88,26,0,0
BRDA:88,26,1,0
BRDA:88,27,0,0
BRDA:88,27,1,0
BRDA:93,28,0,0
BRDA:93,28,1,0
BRDA:93,29,0,0
BRDA:93,29,1,0
BRDA:98,30,0,0
BRDA:98,30,1,0
BRDA:157,31,0,3
BRDA:162,32,0,2
BRDA:162,32,1,3
BRDA:164,33,0,0
BRDA:164,33,1,2
BRDA:175,34,0,0
BRDA:175,34,1,3
BRDA:175,35,0,3
BRDA:175,35,1,3
BRDA:175,35,2,0
BRDA:181,36,0,3
BRDA:181,36,1,0
BRDA:181,37,0,3
BRDA:181,37,1,0
BRDA:181,37,2,0
BRDA:183,38,0,1
BRDA:183,38,1,2
BRDA:183,39,0,3
BRDA:183,39,1,3
BRDA:184,40,0,0
BRDA:184,40,1,1
BRDA:187,41,0,1
BRDA:187,41,1,1
BRDA:187,42,0,0
BRDA:187,42,1,1
BRDA:204,43,0,0
BRDA:204,43,1,5
BRDA:215,44,0,0
BRDA:215,44,1,5
BRDA:231,45,0,0
BRDA:231,45,1,0
BRDA:231,46,0,0
BRDA:231,46,1,0
BRDA:233,47,0,0
BRDA:233,47,1,0
BRDA:291,48,0,0
BRDA:291,48,1,5
BRDA:291,49,0,5
BRDA:291,49,1,0
BRDA:297,50,0,0
BRDA:297,50,1,0
BRDA:297,51,0,0
BRDA:297,51,1,0
BRDA:322,52,0,3
BRDA:322,52,1,1
BRDA:323,53,0,0
BRDA:323,53,1,3
BRDA:342,54,0,0
BRDA:342,54,1,2
BRDA:354,55,0,0
BRDA:354,55,1,0
BRDA:366,56,0,0
BRDA:366,56,1,3
BRDA:371,57,0,3
BRDA:371,57,1,3
BRDA:377,58,0,0
BRDA:377,58,1,0
BRDA:377,59,0,0
BRDA:377,59,1,0
BRDA:381,60,0,0
BRDA:381,60,1,0
BRDA:381,61,0,0
BRDA:381,61,1,0
BRDA:404,62,0,0
BRDA:404,62,1,0
BRDA:410,63,0,0
BRDA:410,63,1,0
BRDA:411,64,0,0
BRDA:411,64,1,0
BRDA:427,65,0,0
BRDA:427,65,1,6
BRDA:427,66,0,6
BRDA:427,66,1,6
BRDA:427,66,2,6
BRDA:432,67,0,0
BRDA:432,67,1,6
BRDA:432,68,0,6
BRDA:432,68,1,6
BRDA:432,68,2,6
BRDA:438,69,0,0
BRDA:438,69,1,6
BRDA:483,70,0,7
BRDA:483,70,1,7
BRDA:487,71,0,0
BRDA:487,71,1,7
BRDA:487,72,0,7
BRDA:487,72,1,7
BRDA:492,73,0,3
BRDA:492,73,1,4
BRDA:499,74,0,4
BRDA:499,74,1,0
BRDA:501,75,0,4
BRDA:501,75,1,0
BRDA:503,76,0,3
BRDA:503,76,1,1
BRDA:503,77,0,4
BRDA:503,77,1,3
BRDA:507,78,0,1
BRDA:507,78,1,0
BRDA:514,79,0,4
BRDA:514,79,1,0
BRDA:520,80,0,0
BRDA:520,80,1,0
BRDA:543,81,0,0
BRDA:543,81,1,3
BRDA:548,82,0,0
BRDA:548,82,1,3
BRDA:560,83,0,0
BRDA:560,83,1,3
BRDA:571,84,0,3
BRDA:571,84,1,116
BRDA:573,85,0,2
BRDA:573,85,1,114
BRDA:575,86,0,2
BRDA:575,86,1,0
BRDA:582,87,0,1
BRDA:582,87,1,2
BRDA:591,88,0,0
BRDA:591,88,1,2
BRDA:608,89,0,0
BRDA:608,89,1,3
BRDA:611,90,0,0
BRDA:611,90,1,0
BRDA:618,91,0,0
BRDA:618,91,1,3
BRDA:618,92,0,3
BRDA:618,92,1,3
BRDA:620,93,0,0
BRDA:620,93,1,0
BRDA:621,94,0,0
BRDA:621,94,1,0
BRDA:629,95,0,2
BRDA:629,95,1,0
BRDA:638,96,0,3
BRDA:638,96,1,0
BRDA:641,97,0,4
BRDA:641,97,1,0
BRDA:646,98,0,2
BRDA:646,98,1,0
BRDA:658,99,0,1
BRDA:658,99,1,0
BRDA:673,100,0,0
BRDA:673,100,1,0
BRDA:673,101,0,0
BRDA:673,101,1,0
BRDA:722,102,0,0
BRDA:722,102,1,3
BRDA:722,103,0,3
BRDA:722,103,1,3
BRDA:722,103,2,3
BRDA:722,103,3,3
BRDA:722,103,4,2
BRDA:758,104,0,0
BRDA:758,104,1,2
BRDA:758,105,0,2
BRDA:758,105,1,2
BRDA:763,106,0,0
BRDA:763,106,1,2
BRDA:763,107,0,2
BRDA:763,107,1,2
BRDA:768,108,0,0
BRDA:768,108,1,2
BRDA:768,109,0,2
BRDA:768,109,1,2
BRDA:768,109,2,2
BRDA:811,110,0,4
BRDA:811,110,1,4
BRDA:815,111,0,0
BRDA:815,111,1,4
BRDA:815,112,0,4
BRDA:815,112,1,4
BRDA:820,113,0,0
BRDA:820,113,1,4
BRDA:826,114,0,2
BRDA:826,114,1,0
BRDA:828,115,0,2
BRDA:828,115,1,0
BRDA:835,116,0,0
BRDA:835,116,1,2
BRDA:839,117,0,2
BRDA:839,117,1,0
BRDA:860,118,0,0
BRDA:860,118,1,2
BRDA:868,119,0,0
BRDA:868,119,1,2
BRDA:896,120,0,0
BRDA:896,120,1,2
BRDA:914,121,0,0
BRDA:914,121,1,0
BRDA:914,122,0,0
BRDA:914,122,1,0
BRDA:914,122,2,0
BRDA:914,122,3,0
BRDA:914,122,4,0
BRDA:944,123,0,0
BRDA:944,123,1,0
BRDA:944,124,0,0
BRDA:944,124,1,0
BRDA:953,125,0,0
BRDA:953,125,1,0
BRDA:953,126,0,0
BRDA:953,126,1,0
BRDA:972,127,0,0
BRDA:972,127,1,5
BRDA:972,128,0,5
BRDA:972,128,1,5
BRDA:985,129,0,0
BRDA:985,129,1,0
BRDA:985,130,0,0
BRDA:985,130,1,0
BRDA:989,131,0,0
BRDA:989,131,1,0
BRDA:993,132,0,0
BRDA:993,132,1,0
BRDA:994,133,0,0
BRDA:994,133,1,0
BRDA:1008,134,0,2
BRDA:1008,134,1,0
BRDA:1008,135,0,2
BRDA:1008,135,1,2
BRDA:1012,136,0,0
BRDA:1012,136,1,0
BRDA:1012,136,2,0
BRDA:1012,136,3,0
BRDA:1026,137,0,0
BRDA:1026,137,1,0
BRDA:1026,138,0,0
BRDA:1026,138,1,0
BRDA:1051,139,0,0
BRDA:1051,139,1,0
BRDA:1052,140,0,0
BRDA:1052,140,1,0
BRDA:1054,141,0,0
BRDA:1054,141,1,0
BRDA:1056,142,0,0
BRDA:1056,142,1,0
BRDA:1064,143,0,0
BRDA:1064,143,1,0
BRDA:1064,144,0,0
BRDA:1064,144,1,0
BRDA:1070,145,0,0
BRDA:1070,145,1,0
BRDA:1089,146,0,0
BRDA:1089,146,1,0
BRDA:1089,147,0,0
BRDA:1089,147,1,0
BRDA:1095,148,0,0
BRDA:1095,148,1,0
BRDA:1120,149,0,0
BRDA:1120,149,1,0
BRDA:1123,150,0,0
BRDA:1123,150,1,0
BRDA:1129,151,0,0
BRDA:1129,151,1,0
BRDA:1134,152,0,0
BRDA:1134,152,1,0
BRDA:1134,153,0,0
BRDA:1134,153,1,0
BRDA:1157,154,0,0
BRDA:1157,154,1,0
BRDA:1166,155,0,0
BRDA:1166,155,1,0
BRDA:1170,156,0,0
BRDA:1170,156,1,0
BRDA:1171,157,0,0
BRDA:1171,157,1,0
BRDA:1173,158,0,0
BRDA:1173,158,1,0
BRDA:1183,159,0,0
BRDA:1183,159,1,0
BRDA:1183,160,0,0
BRDA:1183,160,1,0
BRDA:1190,161,0,0
BRDA:1190,161,1,0
BRDA:1190,162,0,0
BRDA:1190,162,1,0
BRDA:1197,163,0,0
BRDA:1197,163,1,0
BRDA:1219,164,0,0
BRDA:1219,164,1,0
BRDA:1219,165,0,0
BRDA:1219,165,1,0
BRF:344
BRH:141
end_of_record
TN:
SF:src\server.js
FN:28,(anonymous_0)
FN:30,(anonymous_1)
FN:38,(anonymous_2)
FN:58,(anonymous_3)
FN:59,(anonymous_4)
FN:67,(anonymous_5)
FN:71,(anonymous_6)
FN:78,(anonymous_7)
FN:88,(anonymous_8)
FN:89,(anonymous_9)
FN:101,(anonymous_10)
FN:106,(anonymous_11)
FN:147,(anonymous_12)
FN:206,(anonymous_13)
FN:251,(anonymous_14)
FN:283,(anonymous_15)
FN:287,(anonymous_16)
FN:291,(anonymous_17)
FN:303,(anonymous_18)
FN:309,(anonymous_19)
FN:316,(anonymous_20)
FN:339,(anonymous_21)
FN:349,(anonymous_22)
FN:351,(anonymous_23)
FN:354,(anonymous_24)
FN:358,(anonymous_25)
FN:359,(anonymous_26)
FN:362,(anonymous_27)
FN:366,(anonymous_28)
FN:367,(anonymous_29)
FN:373,(anonymous_30)
FN:374,(anonymous_31)
FN:380,(anonymous_32)
FN:451,(anonymous_33)
FN:494,(anonymous_34)
FN:509,(anonymous_35)
FN:511,(anonymous_36)
FN:514,(anonymous_37)
FN:520,(anonymous_38)
FN:527,(anonymous_39)
FN:532,(anonymous_40)
FN:538,(anonymous_41)
FN:544,(anonymous_42)
FN:552,(anonymous_43)
FN:556,(anonymous_44)
FN:569,(anonymous_45)
FN:575,(anonymous_46)
FN:582,(anonymous_47)
FN:586,generateHTMLPreview
FN:595,(anonymous_49)
FN:608,(anonymous_50)
FN:631,(anonymous_51)
FN:652,(anonymous_52)
FN:713,(anonymous_53)
FN:724,(anonymous_54)
FN:735,cleanupOldFiles
FN:787,(anonymous_56)
FN:800,(anonymous_57)
FN:801,(anonymous_58)
FN:817,(anonymous_59)
FN:826,(anonymous_60)
FNF:61
FNH:27
FNDA:1,(anonymous_0)
FNDA:0,(anonymous_1)
FNDA:1,(anonymous_2)
FNDA:4,(anonymous_3)
FNDA:4,(anonymous_4)
FNDA:2,(anonymous_5)
FNDA:2,(anonymous_6)
FNDA:3,(anonymous_7)
FNDA:3,(anonymous_8)
FNDA:3,(anonymous_9)
FNDA:2,(anonymous_10)
FNDA:12,(anonymous_11)
FNDA:0,(anonymous_12)
FNDA:0,(anonymous_13)
FNDA:6,(anonymous_14)
FNDA:8,(anonymous_15)
FNDA:7,(anonymous_16)
FNDA:0,(anonymous_17)
FNDA:0,(anonymous_18)
FNDA:0,(anonymous_19)
FNDA:4,(anonymous_20)
FNDA:2,(anonymous_21)
FNDA:0,(anonymous_22)
FNDA:0,(anonymous_23)
FNDA:0,(anonymous_24)
FNDA:0,(anonymous_25)
FNDA:0,(anonymous_26)
FNDA:2,(anonymous_27)
FNDA:4,(anonymous_28)
FNDA:4,(anonymous_29)
FNDA:0,(anonymous_30)
FNDA:0,(anonymous_31)
FNDA:2,(anonymous_32)
FNDA:0,(anonymous_33)
FNDA:0,(anonymous_34)
FNDA:0,(anonymous_35)
FNDA:0,(anonymous_36)
FNDA:0,(anonymous_37)
FNDA:0,(anonymous_38)
FNDA:0,(anonymous_39)
FNDA:0,(anonymous_40)
FNDA:0,(anonymous_41)
FNDA:0,(anonymous_42)
FNDA:0,(anonymous_43)
FNDA:0,(anonymous_44)
FNDA:0,(anonymous_45)
FNDA:0,(anonymous_46)
FNDA:0,(anonymous_47)
FNDA:2,generateHTMLPreview
FNDA:3,(anonymous_49)
FNDA:2,(anonymous_50)
FNDA:3,(anonymous_51)
FNDA:3,(anonymous_52)
FNDA:0,(anonymous_53)
FNDA:0,(anonymous_54)
FNDA:1,cleanupOldFiles
FNDA:1,(anonymous_56)
FNDA:0,(anonymous_57)
FNDA:0,(anonymous_58)
FNDA:0,(anonymous_59)
FNDA:0,(anonymous_60)
DA:13,1
DA:17,1
DA:18,1
DA:21,1
DA:28,1
DA:29,1
DA:31,0
DA:32,0
DA:33,0
DA:35,0
DA:39,1
DA:40,1
DA:43,1
DA:47,1
DA:48,1
DA:49,1
DA:50,1
DA:51,1
DA:52,1
DA:53,1
DA:55,1
DA:58,4
DA:59,1
DA:60,4
DA:61,0
DA:66,1
DA:68,2
DA:69,2
DA:72,2
DA:76,1
DA:79,3
DA:80,1
DA:81,1
DA:83,2
DA:88,1
DA:89,3
DA:90,3
DA:91,1
DA:93,2
DA:94,0
DA:96,2
DA:101,1
DA:102,2
DA:106,1
DA:107,12
DA:108,12
DA:109,4
DA:116,8
DA:119,8
DA:130,8
DA:131,8
DA:134,8
DA:135,8
DA:136,8
DA:138,0
DA:139,0
DA:147,1
DA:148,0
DA:149,0
DA:150,0
DA:161,0
DA:163,0
DA:166,0
DA:171,0
DA:174,0
DA:175,0
DA:176,0
DA:177,0
DA:180,0
DA:181,0
DA:182,0
DA:185,0
DA:186,0
DA:187,0
DA:188,0
DA:190,0
DA:196,0
DA:197,0
DA:206,1
DA:207,0
DA:208,0
DA:209,0
DA:216,0
DA:219,0
DA:231,0
DA:232,0
DA:235,0
DA:238,0
DA:239,0
DA:240,0
DA:242,0
DA:243,0
DA:251,1
DA:252,6
DA:253,6
DA:255,6
DA:256,6
DA:257,0
DA:258,0
DA:263,6
DA:264,2
DA:265,2
DA:270,4
DA:273,4
DA:280,4
DA:283,4
DA:284,8
DA:285,8
DA:286,8
DA:287,8
DA:290,8
DA:291,0
DA:292,0
DA:293,0
DA:301,4
DA:302,4
DA:303,4
DA:304,0
DA:305,0
DA:309,4
DA:310,0
DA:311,0
DA:316,4
DA:319,4
DA:320,0
DA:321,0
DA:322,0
DA:323,0
DA:327,4
DA:328,0
DA:329,0
DA:330,0
DA:334,4
DA:335,2
DA:338,2
DA:339,2
DA:342,2
DA:343,2
DA:345,2
DA:346,2
DA:350,0
DA:351,0
DA:355,0
DA:356,0
DA:357,0
DA:358,0
DA:359,0
DA:363,2
DA:364,2
DA:365,2
DA:366,4
DA:367,4
DA:371,0
DA:372,0
DA:373,0
DA:374,0
DA:380,1
DA:381,2
DA:382,2
DA:383,2
DA:384,2
DA:386,2
DA:387,1
DA:397,1
DA:398,1
DA:400,1
DA:401,1
DA:404,1
DA:407,1
DA:419,1
DA:425,0
DA:428,0
DA:430,0
DA:436,0
DA:437,0
DA:443,0
DA:451,1
DA:453,0
DA:454,0
DA:455,0
DA:458,0
DA:459,0
DA:460,0
DA:461,0
DA:462,0
DA:463,0
DA:466,0
DA:469,0
DA:470,0
DA:473,0
DA:474,0
DA:475,0
DA:476,0
DA:477,0
DA:481,0
DA:482,0
DA:483,0
DA:484,0
DA:485,0
DA:489,0
DA:490,0
DA:493,0
DA:494,0
DA:495,0
DA:496,0
DA:500,0
DA:501,0
DA:502,0
DA:505,0
DA:510,0
DA:511,0
DA:516,0
DA:519,0
DA:520,0
DA:521,0
DA:522,0
DA:523,0
DA:527,0
DA:528,0
DA:533,0
DA:534,0
DA:537,0
DA:538,0
DA:539,0
DA:540,0
DA:544,0
DA:545,0
DA:552,0
DA:553,0
DA:554,0
DA:555,0
DA:556,0
DA:559,0
DA:560,0
DA:561,0
DA:567,0
DA:568,0
DA:569,0
DA:570,0
DA:571,0
DA:575,0
DA:576,0
DA:577,0
DA:582,0
DA:587,2
DA:590,2
DA:591,1
DA:594,1
DA:595,1
DA:596,3
DA:597,0
DA:598,3
DA:599,2
DA:600,2
DA:601,2
DA:602,2
DA:604,2
DA:605,2
DA:606,1
DA:607,1
DA:608,1
DA:609,2
DA:611,1
DA:616,0
DA:617,0
DA:618,0
DA:619,0
DA:620,0
DA:622,0
DA:623,0
DA:626,2
DA:627,2
DA:631,1
DA:632,3
DA:633,3
DA:634,1
DA:640,2
DA:641,2
DA:643,0
DA:644,0
DA:652,1
DA:653,3
DA:654,3
DA:655,1
DA:661,2
DA:662,2
DA:663,2
DA:665,2
DA:666,2
DA:675,2
DA:676,2
DA:682,2
DA:683,2
DA:684,2
DA:685,2
DA:686,2
DA:688,0
DA:689,0
DA:695,0
DA:696,0
DA:697,0
DA:701,0
DA:703,0
DA:704,0
DA:713,1
DA:714,0
DA:715,0
DA:720,0
DA:724,1
DA:725,0
DA:726,0
DA:731,0
DA:736,1
DA:738,1
DA:740,1
DA:742,1
DA:743,0
DA:744,0
DA:747,1
DA:748,1
DA:750,1
DA:751,3
DA:752,3
DA:754,3
DA:755,3
DA:756,0
DA:759,3
DA:760,3
DA:761,3
DA:762,3
DA:763,3
DA:765,0
DA:769,0
DA:773,0
DA:779,1
DA:781,0
DA:783,0
DA:787,1
DA:789,1
DA:790,0
DA:791,0
DA:794,1
DA:795,1
DA:798,1
DA:800,1
DA:801,0
DA:803,0
DA:804,0
DA:808,0
DA:809,0
DA:812,0
DA:813,0
DA:817,0
DA:818,0
DA:819,0
DA:820,0
DA:822,0
DA:826,0
DA:827,0
DA:828,0
DA:829,0
DA:834,1
DA:838,1
DA:839,0
LF:364
LH:171
BRDA:13,0,0,1
BRDA:13,0,1,0
BRDA:31,1,0,0
BRDA:31,1,1,0
BRDA:60,2,0,0
BRDA:60,2,1,4
BRDA:79,3,0,1
BRDA:79,3,1,2
BRDA:90,4,0,1
BRDA:90,4,1,2
BRDA:93,5,0,0
BRDA:93,5,1,2
BRDA:93,6,0,2
BRDA:93,6,1,0
BRDA:108,7,0,4
BRDA:108,7,1,8
BRDA:108,8,0,12
BRDA:108,8,1,8
BRDA:149,9,0,0
BRDA:149,9,1,0
BRDA:149,10,0,0
BRDA:149,10,1,0
BRDA:149,10,2,0
BRDA:175,11,0,0
BRDA:175,11,1,0
BRDA:186,12,0,0
BRDA:186,12,1,0
BRDA:200,13,0,0
BRDA:200,13,1,0
BRDA:208,14,0,0
BRDA:208,14,1,0
BRDA:208,15,0,0
BRDA:208,15,1,0
BRDA:256,16,0,0
BRDA:256,16,1,6
BRDA:263,17,0,2
BRDA:263,17,1,4
BRDA:284,18,0,8
BRDA:284,18,1,0
BRDA:290,19,0,0
BRDA:290,19,1,8
BRDA:290,20,0,8
BRDA:290,20,1,6
BRDA:290,20,2,6
BRDA:292,21,0,0
BRDA:292,21,1,0
BRDA:310,22,0,0
BRDA:310,22,1,0
BRDA:319,23,0,0
BRDA:319,23,1,4
BRDA:327,24,0,0
BRDA:327,24,1,4
BRDA:334,25,0,2
BRDA:334,25,1,2
BRDA:386,26,0,1
BRDA:386,26,1,1
BRDA:386,27,0,2
BRDA:386,27,1,2
BRDA:386,27,2,1
BRDA:428,28,0,0
BRDA:428,28,1,0
BRDA:428,29,0,0
BRDA:428,29,1,0
BRDA:428,29,2,0
BRDA:436,30,0,0
BRDA:436,30,1,0
BRDA:459,31,0,0
BRDA:459,31,1,0
BRDA:459,32,0,0
BRDA:459,32,1,0
BRDA:473,33,0,0
BRDA:473,33,1,0
BRDA:481,34,0,0
BRDA:481,34,1,0
BRDA:489,35,0,0
BRDA:489,35,1,0
BRDA:554,36,0,0
BRDA:554,36,1,0
BRDA:559,37,0,0
BRDA:559,37,1,0
BRDA:559,38,0,0
BRDA:559,38,1,0
BRDA:559,38,2,0
BRDA:576,39,0,0
BRDA:576,39,1,0
BRDA:590,40,0,1
BRDA:590,40,1,1
BRDA:594,41,0,1
BRDA:594,41,1,0
BRDA:596,42,0,0
BRDA:596,42,1,3
BRDA:598,43,0,2
BRDA:598,43,1,1
BRDA:600,44,0,2
BRDA:600,44,1,0
BRDA:601,45,0,1
BRDA:601,45,1,1
BRDA:602,46,0,0
BRDA:602,46,1,2
BRDA:604,47,0,0
BRDA:604,47,1,2
BRDA:606,48,0,1
BRDA:606,48,1,0
BRDA:616,49,0,0
BRDA:616,49,1,0
BRDA:616,50,0,0
BRDA:616,50,1,0
BRDA:618,51,0,0
BRDA:618,51,1,0
BRDA:619,52,0,0
BRDA:619,52,1,0
BRDA:620,53,0,0
BRDA:620,53,1,0
BRDA:622,54,0,0
BRDA:622,54,1,0
BRDA:633,55,0,1
BRDA:633,55,1,2
BRDA:654,56,0,1
BRDA:654,56,1,2
BRDA:703,57,0,0
BRDA:703,57,1,0
BRDA:714,58,0,0
BRDA:714,58,1,0
BRDA:714,59,0,0
BRDA:714,59,1,0
BRDA:725,60,0,0
BRDA:725,60,1,0
BRDA:738,61,0,1
BRDA:738,61,1,0
BRDA:742,62,0,0
BRDA:742,62,1,1
BRDA:755,63,0,0
BRDA:755,63,1,3
BRDA:760,64,0,3
BRDA:760,64,1,0
BRDA:779,65,0,0
BRDA:779,65,1,1
BRDA:789,66,0,0
BRDA:789,66,1,1
BRDA:789,67,0,1
BRDA:789,67,1,1
BRDA:803,68,0,0
BRDA:803,68,1,0
BRDA:812,69,0,0
BRDA:812,69,1,0
BRDA:818,70,0,0
BRDA:818,70,1,0
BRDA:838,71,0,0
BRDA:838,71,1,1
BRF:149
BRH:54
end_of_record
TN:
SF:src\streamingHandler.js
FN:7,(anonymous_0)
FN:26,(anonymous_1)
FN:40,(anonymous_2)
FN:42,(anonymous_3)
FN:48,(anonymous_4)
FN:53,(anonymous_5)
FN:62,(anonymous_6)
FN:69,(anonymous_7)
FN:88,(anonymous_8)
FNF:9
FNH:0
FNDA:0,(anonymous_0)
FNDA:0,(anonymous_1)
FNDA:0,(anonymous_2)
FNDA:0,(anonymous_3)
FNDA:0,(anonymous_4)
FNDA:0,(anonymous_5)
FNDA:0,(anonymous_6)
FNDA:0,(anonymous_7)
FNDA:0,(anonymous_8)
DA:1,0
DA:7,0
DA:8,0
DA:9,0
DA:11,0
DA:12,0
DA:14,0
DA:15,0
DA:26,0
DA:27,0
DA:28,0
DA:29,0
DA:32,0
DA:37,0
DA:41,0
DA:42,0
DA:43,0
DA:49,0
DA:50,0
DA:52,0
DA:53,0
DA:54,0
DA:63,0
DA:64,0
DA:66,0
DA:68,0
DA:69,0
DA:70,0
DA:77,0
DA:80,0
DA:83,0
DA:84,0
DA:85,0
DA:87,0
DA:88,0
DA:89,0
DA:94,0
DA:98,0
LF:38
LH:0
BRDA:8,0,0,0
BRDA:8,0,1,0
BRDA:11,1,0,0
BRDA:11,1,1,0
BRDA:14,2,0,0
BRDA:14,2,1,0
BRDA:41,3,0,0
BRDA:41,3,1,0
BRDA:41,4,0,0
BRDA:41,4,1,0
BRDA:52,5,0,0
BRDA:52,5,1,0
BRDA:52,6,0,0
BRDA:52,6,1,0
BRDA:68,7,0,0
BRDA:68,7,1,0
BRDA:68,8,0,0
BRDA:68,8,1,0
BRDA:87,9,0,0
BRDA:87,9,1,0
BRDA:87,10,0,0
BRDA:87,10,1,0
BRF:22
BRH:0
end_of_record
