TN:
SF:public\js\LatexASTAdapter.js
FN:3,(anonymous_0)
FN:8,(anonymous_1)
FN:14,(anonymous_2)
FN:42,(anonymous_3)
FN:61,(anonymous_4)
FN:66,(anonymous_5)
FNF:6
FNH:0
FNDA:0,(anonymous_0)
FNDA:0,(anonymous_1)
FNDA:0,(anonymous_2)
FNDA:0,(anonymous_3)
FNDA:0,(anonymous_4)
FNDA:0,(anonymous_5)
DA:4,0
DA:9,0
DA:10,0
DA:15,0
DA:16,0
DA:19,0
DA:20,0
DA:23,0
DA:25,0
DA:28,0
DA:31,0
DA:34,0
DA:37,0
DA:43,0
DA:46,0
DA:51,0
DA:54,0
DA:58,0
DA:61,0
DA:67,0
LF:20
LH:0
BRDA:9,0,0,0
BRDA:9,0,1,0
BRDA:15,1,0,0
BRDA:15,1,1,0
BRDA:19,2,0,0
BRDA:19,2,1,0
BRDA:23,3,0,0
BRDA:23,3,1,0
BRDA:23,3,2,0
BRDA:23,3,3,0
BRDA:23,3,4,0
BRDA:43,4,0,0
BRDA:43,4,1,0
BRDA:43,4,2,0
BRDA:43,4,3,0
BRDA:43,4,4,0
BRDA:43,4,5,0
BRDA:43,4,6,0
BRDA:43,4,7,0
BRDA:43,4,8,0
BRDA:61,5,0,0
BRDA:61,5,1,0
BRF:22
BRH:0
end_of_record
TN:
SF:public\js\diffUtils.js
FN:9,initDiff2Html
FN:12,(anonymous_1)
FN:13,(anonymous_2)
FN:17,(anonymous_3)
FN:31,(anonymous_4)
FN:43,(anonymous_5)
FN:65,(anonymous_6)
FN:68,(anonymous_7)
FN:80,(anonymous_8)
FN:94,(anonymous_9)
FN:97,(anonymous_10)
FN:102,(anonymous_11)
FN:107,(anonymous_12)
FN:112,(anonymous_13)
FN:121,(anonymous_14)
FN:125,(anonymous_15)
FN:131,(anonymous_16)
FN:138,(anonymous_17)
FN:144,(anonymous_18)
FN:167,(anonymous_19)
FN:184,astToString
FN:221,createDiffHtml
FN:226,highlightLatexSyntax
FN:231,extractTextFromLatex
FN:233,(anonymous_24)
FN:240,(anonymous_25)
FN:252,(anonymous_26)
FNF:27
FNH:0
FNDA:0,initDiff2Html
FNDA:0,(anonymous_1)
FNDA:0,(anonymous_2)
FNDA:0,(anonymous_3)
FNDA:0,(anonymous_4)
FNDA:0,(anonymous_5)
FNDA:0,(anonymous_6)
FNDA:0,(anonymous_7)
FNDA:0,(anonymous_8)
FNDA:0,(anonymous_9)
FNDA:0,(anonymous_10)
FNDA:0,(anonymous_11)
FNDA:0,(anonymous_12)
FNDA:0,(anonymous_13)
FNDA:0,(anonymous_14)
FNDA:0,(anonymous_15)
FNDA:0,(anonymous_16)
FNDA:0,(anonymous_17)
FNDA:0,(anonymous_18)
FNDA:0,(anonymous_19)
FNDA:0,astToString
FNDA:0,createDiffHtml
FNDA:0,highlightLatexSyntax
FNDA:0,extractTextFromLatex
FNDA:0,(anonymous_24)
FNDA:0,(anonymous_25)
FNDA:0,(anonymous_26)
DA:11,0
DA:12,0
DA:13,0
DA:14,0
DA:17,0
DA:19,0
DA:20,0
DA:21,0
DA:22,0
DA:23,0
DA:24,0
DA:27,0
DA:29,0
DA:30,0
DA:31,0
DA:33,0
DA:34,0
DA:35,0
DA:36,0
DA:37,0
DA:39,0
DA:40,0
DA:43,0
DA:44,0
DA:45,0
DA:49,0
DA:66,0
DA:67,0
DA:68,0
DA:69,0
DA:70,0
DA:72,0
DA:73,0
DA:75,0
DA:81,0
DA:82,0
DA:83,0
DA:84,0
DA:90,0
DA:95,0
DA:96,0
DA:97,0
DA:103,0
DA:108,0
DA:109,0
DA:110,0
DA:112,0
DA:113,0
DA:114,0
DA:115,0
DA:118,0
DA:122,0
DA:125,0
DA:126,0
DA:127,0
DA:130,0
DA:131,0
DA:132,0
DA:133,0
DA:135,0
DA:138,0
DA:139,0
DA:144,0
DA:145,0
DA:146,0
DA:147,0
DA:150,0
DA:151,0
DA:153,0
DA:154,0
DA:155,0
DA:157,0
DA:159,0
DA:162,0
DA:166,0
DA:167,0
DA:171,0
DA:172,0
DA:176,0
DA:177,0
DA:185,0
DA:186,0
DA:189,0
DA:190,0
DA:193,0
DA:195,0
DA:200,0
DA:204,0
DA:205,0
DA:206,0
DA:209,0
DA:213,0
DA:214,0
DA:217,0
DA:232,0
DA:233,0
DA:234,0
DA:235,0
DA:236,0
DA:239,0
DA:240,0
DA:241,0
DA:242,0
DA:243,0
DA:245,0
DA:246,0
DA:247,0
DA:248,0
DA:249,0
DA:252,0
DA:253,0
DA:254,0
DA:261,0
DA:262,0
DA:263,0
DA:265,0
LF:116
LH:0
BRDA:11,0,0,0
BRDA:11,0,1,0
BRDA:19,1,0,0
BRDA:19,1,1,0
BRDA:33,2,0,0
BRDA:33,2,1,0
BRDA:69,3,0,0
BRDA:69,3,1,0
BRDA:72,4,0,0
BRDA:72,4,1,0
BRDA:83,5,0,0
BRDA:83,5,1,0
BRDA:83,6,0,0
BRDA:83,6,1,0
BRDA:85,7,0,0
BRDA:85,7,1,0
BRDA:113,8,0,0
BRDA:113,8,1,0
BRDA:114,9,0,0
BRDA:114,9,1,0
BRDA:115,10,0,0
BRDA:115,10,1,0
BRDA:115,11,0,0
BRDA:115,11,1,0
BRDA:115,11,2,0
BRDA:126,12,0,0
BRDA:126,12,1,0
BRDA:132,13,0,0
BRDA:132,13,1,0
BRDA:145,14,0,0
BRDA:145,14,1,0
BRDA:145,15,0,0
BRDA:145,15,1,0
BRDA:145,15,2,0
BRDA:151,16,0,0
BRDA:151,16,1,0
BRDA:151,17,0,0
BRDA:151,17,1,0
BRDA:151,17,2,0
BRDA:153,18,0,0
BRDA:153,18,1,0
BRDA:155,19,0,0
BRDA:155,19,1,0
BRDA:155,20,0,0
BRDA:155,20,1,0
BRDA:166,21,0,0
BRDA:166,21,1,0
BRDA:166,22,0,0
BRDA:166,22,1,0
BRDA:171,23,0,0
BRDA:171,23,1,0
BRDA:185,24,0,0
BRDA:185,24,1,0
BRDA:189,25,0,0
BRDA:189,25,1,0
BRDA:193,26,0,0
BRDA:193,26,1,0
BRDA:195,27,0,0
BRDA:195,27,1,0
BRDA:195,27,2,0
BRDA:195,27,3,0
BRDA:195,27,4,0
BRDA:195,27,5,0
BRDA:200,28,0,0
BRDA:200,28,1,0
BRDA:204,29,0,0
BRDA:204,29,1,0
BRDA:205,30,0,0
BRDA:205,30,1,0
BRDA:209,31,0,0
BRDA:209,31,1,0
BRDA:213,32,0,0
BRDA:213,32,1,0
BRDA:213,33,0,0
BRDA:213,33,1,0
BRDA:221,34,0,0
BRDA:221,35,0,0
BRDA:234,36,0,0
BRDA:234,36,1,0
BRDA:242,37,0,0
BRDA:242,37,1,0
BRDA:261,38,0,0
BRDA:261,38,1,0
BRF:83
BRH:0
end_of_record
TN:
SF:public\js\latexWorker.js
FN:4,(anonymous_0)
FNF:1
FNH:0
FNDA:0,(anonymous_0)
DA:2,0
DA:4,0
DA:5,0
DA:6,0
DA:7,0
DA:12,0
LF:6
LH:0
BRF:0
BRH:0
end_of_record
TN:
SF:public\js\simple.js
FNF:0
FNH:0
LF:0
LH:0
BRF:0
BRH:0
end_of_record
TN:
SF:public\js\streamingHandler.js
FN:7,(anonymous_0)
FN:14,(anonymous_1)
FN:15,(anonymous_2)
FN:18,(anonymous_3)
FN:23,(anonymous_4)
FN:38,(anonymous_5)
FN:53,(anonymous_6)
FN:65,(anonymous_7)
FN:83,(anonymous_8)
FN:93,(anonymous_9)
FN:97,(anonymous_10)
FN:109,(anonymous_11)
FN:139,(anonymous_12)
FN:142,(anonymous_13)
FN:145,(anonymous_14)
FN:149,(anonymous_15)
FN:155,(anonymous_16)
FN:171,(anonymous_17)
FN:178,(anonymous_18)
FN:196,(anonymous_19)
FN:239,(anonymous_20)
FN:309,(anonymous_21)
FN:345,(anonymous_22)
FN:369,(anonymous_23)
FN:380,(anonymous_24)
FN:403,(anonymous_25)
FN:428,(anonymous_26)
FN:478,(anonymous_27)
FN:489,(anonymous_28)
FN:505,(anonymous_29)
FN:516,(anonymous_30)
FN:544,(anonymous_31)
FN:554,(anonymous_32)
FN:555,(anonymous_33)
FN:572,streamAnalyzeJob
FN:627,validateAnalyzeFields
FN:661,processJobAnalysis
FN:671,(anonymous_37)
FNF:38
FNH:6
FNDA:6,(anonymous_0)
FNDA:0,(anonymous_1)
FNDA:0,(anonymous_2)
FNDA:0,(anonymous_3)
FNDA:0,(anonymous_4)
FNDA:0,(anonymous_5)
FNDA:0,(anonymous_6)
FNDA:0,(anonymous_7)
FNDA:0,(anonymous_8)
FNDA:0,(anonymous_9)
FNDA:0,(anonymous_10)
FNDA:0,(anonymous_11)
FNDA:0,(anonymous_12)
FNDA:0,(anonymous_13)
FNDA:0,(anonymous_14)
FNDA:0,(anonymous_15)
FNDA:2,(anonymous_16)
FNDA:0,(anonymous_17)
FNDA:2,(anonymous_18)
FNDA:0,(anonymous_19)
FNDA:0,(anonymous_20)
FNDA:0,(anonymous_21)
FNDA:0,(anonymous_22)
FNDA:0,(anonymous_23)
FNDA:0,(anonymous_24)
FNDA:0,(anonymous_25)
FNDA:0,(anonymous_26)
FNDA:0,(anonymous_27)
FNDA:0,(anonymous_28)
FNDA:0,(anonymous_29)
FNDA:0,(anonymous_30)
FNDA:0,(anonymous_31)
FNDA:0,(anonymous_32)
FNDA:0,(anonymous_33)
FNDA:0,streamAnalyzeJob
FNDA:2,validateAnalyzeFields
FNDA:1,processJobAnalysis
FNDA:3,(anonymous_37)
DA:8,6
DA:9,6
DA:10,6
DA:11,6
DA:15,0
DA:20,0
DA:23,0
DA:24,0
DA:25,0
DA:26,0
DA:27,0
DA:30,0
DA:31,0
DA:32,0
DA:38,0
DA:39,0
DA:40,0
DA:41,0
DA:42,0
DA:45,0
DA:46,0
DA:47,0
DA:53,0
DA:54,0
DA:55,0
DA:56,0
DA:57,0
DA:60,0
DA:65,0
DA:66,0
DA:67,0
DA:68,0
DA:69,0
DA:70,0
DA:71,0
DA:73,0
DA:76,0
DA:80,0
DA:84,0
DA:85,0
DA:94,0
DA:98,0
DA:99,0
DA:101,0
DA:102,0
DA:103,0
DA:104,0
DA:105,0
DA:110,0
DA:112,0
DA:113,0
DA:117,0
DA:118,0
DA:119,0
DA:123,0
DA:124,0
DA:127,0
DA:129,0
DA:131,0
DA:140,0
DA:142,0
DA:146,0
DA:150,0
DA:151,0
DA:156,2
DA:157,2
DA:160,2
DA:161,0
DA:162,0
DA:171,0
DA:179,2
DA:182,2
DA:183,0
DA:184,0
DA:185,0
DA:187,0
DA:188,0
DA:189,0
DA:194,2
DA:196,0
DA:201,2
DA:202,0
DA:203,0
DA:204,0
DA:206,0
DA:207,0
DA:208,0
DA:213,2
DA:214,2
DA:215,3
DA:216,1
DA:217,1
DA:218,1
DA:220,0
DA:221,0
DA:222,0
DA:227,1
DA:241,0
DA:244,0
DA:245,0
DA:246,0
DA:250,0
DA:251,0
DA:252,0
DA:256,0
DA:258,0
DA:259,0
DA:261,0
DA:262,0
DA:266,0
DA:267,0
DA:270,0
DA:271,0
DA:274,0
DA:280,0
DA:281,0
DA:282,0
DA:283,0
DA:284,0
DA:286,0
DA:290,0
DA:291,0
DA:295,0
DA:296,0
DA:298,0
DA:300,0
DA:301,0
DA:305,0
DA:306,0
DA:309,0
DA:310,0
DA:312,0
DA:313,0
DA:317,0
DA:318,0
DA:319,0
DA:323,0
DA:324,0
DA:328,0
DA:329,0
DA:330,0
DA:331,0
DA:334,0
DA:335,0
DA:336,0
DA:339,0
DA:340,0
DA:345,0
DA:346,0
DA:347,0
DA:348,0
DA:349,0
DA:350,0
DA:352,0
DA:354,0
DA:355,0
DA:356,0
DA:360,0
DA:361,0
DA:362,0
DA:365,0
DA:369,0
DA:370,0
DA:371,0
DA:372,0
DA:373,0
DA:376,0
DA:380,0
DA:381,0
DA:382,0
DA:383,0
DA:384,0
DA:385,0
DA:386,0
DA:387,0
DA:389,0
DA:391,0
DA:394,0
DA:396,0
DA:398,0
DA:400,0
DA:401,0
DA:402,0
DA:403,0
DA:404,0
DA:407,0
DA:408,0
DA:412,0
DA:413,0
DA:414,0
DA:430,0
DA:432,0
DA:434,0
DA:435,0
DA:438,0
DA:439,0
DA:443,0
DA:452,0
DA:453,0
DA:454,0
DA:455,0
DA:456,0
DA:458,0
DA:462,0
DA:463,0
DA:466,0
DA:467,0
DA:468,0
DA:471,0
DA:474,0
DA:475,0
DA:478,0
DA:479,0
DA:480,0
DA:481,0
DA:482,0
DA:485,0
DA:489,0
DA:490,0
DA:491,0
DA:492,0
DA:493,0
DA:496,0
DA:497,0
DA:498,0
DA:501,0
DA:505,0
DA:506,0
DA:507,0
DA:508,0
DA:509,0
DA:512,0
DA:516,0
DA:517,0
DA:518,0
DA:519,0
DA:520,0
DA:521,0
DA:522,0
DA:523,0
DA:528,0
DA:530,0
DA:533,0
DA:534,0
DA:535,0
DA:545,0
DA:546,0
DA:547,0
DA:555,0
DA:556,0
DA:562,1
DA:573,0
DA:574,0
DA:577,0
DA:578,0
DA:582,0
DA:583,0
DA:587,0
DA:588,0
DA:591,0
DA:592,0
DA:596,0
DA:597,0
DA:601,0
DA:610,0
DA:611,0
DA:615,0
DA:616,0
DA:619,0
DA:620,0
DA:621,0
DA:629,2
DA:630,1
DA:631,1
DA:632,1
DA:636,1
DA:637,1
DA:638,1
DA:639,1
DA:643,0
DA:644,0
DA:645,0
DA:646,0
DA:647,0
DA:648,0
DA:652,0
DA:662,1
DA:663,1
DA:666,1
DA:667,0
DA:670,1
DA:671,3
DA:673,1
DA:674,1
DA:680,1
DA:681,1
LF:296
LH:36
BRDA:26,0,0,0
BRDA:26,0,1,0
BRDA:26,1,0,0
BRDA:26,1,1,0
BRDA:31,2,0,0
BRDA:31,2,1,0
BRDA:41,3,0,0
BRDA:41,3,1,0
BRDA:42,4,0,0
BRDA:42,4,1,0
BRDA:46,5,0,0
BRDA:46,5,1,0
BRDA:56,6,0,0
BRDA:56,6,1,0
BRDA:66,7,0,0
BRDA:66,7,1,0
BRDA:68,8,0,0
BRDA:68,8,1,0
BRDA:71,9,0,0
BRDA:71,9,1,0
BRDA:98,10,0,0
BRDA:98,10,1,0
BRDA:112,11,0,0
BRDA:112,11,1,0
BRDA:112,12,0,0
BRDA:112,12,1,0
BRDA:118,13,0,0
BRDA:118,13,1,0
BRDA:118,14,0,0
BRDA:118,14,1,0
BRDA:123,15,0,0
BRDA:123,15,1,0
BRDA:123,16,0,0
BRDA:123,16,1,0
BRDA:123,16,2,0
BRDA:150,17,0,0
BRDA:150,17,1,0
BRDA:155,18,0,2
BRDA:160,19,0,0
BRDA:160,19,1,2
BRDA:182,20,0,0
BRDA:182,20,1,2
BRDA:183,21,0,0
BRDA:183,21,1,0
BRDA:195,22,0,0
BRDA:195,22,1,2
BRDA:196,23,0,0
BRDA:196,23,1,0
BRDA:197,24,0,0
BRDA:197,24,1,0
BRDA:201,25,0,0
BRDA:201,25,1,2
BRDA:202,26,0,0
BRDA:202,26,1,0
BRDA:215,27,0,1
BRDA:215,27,1,2
BRDA:215,28,0,3
BRDA:215,28,1,2
BRDA:216,29,0,1
BRDA:216,29,1,0
BRDA:239,30,0,0
BRDA:244,31,0,0
BRDA:244,31,1,0
BRDA:250,32,0,0
BRDA:250,32,1,0
BRDA:261,33,0,0
BRDA:261,33,1,0
BRDA:266,34,0,0
BRDA:266,34,1,0
BRDA:266,35,0,0
BRDA:266,35,1,0
BRDA:270,36,0,0
BRDA:270,36,1,0
BRDA:270,37,0,0
BRDA:270,37,1,0
BRDA:281,38,0,0
BRDA:281,38,1,0
BRDA:282,39,0,0
BRDA:282,39,1,0
BRDA:282,40,0,0
BRDA:282,40,1,0
BRDA:284,41,0,0
BRDA:284,41,1,0
BRDA:290,42,0,0
BRDA:290,42,1,0
BRDA:290,43,0,0
BRDA:290,43,1,0
BRDA:291,44,0,0
BRDA:291,44,1,0
BRDA:300,45,0,0
BRDA:300,45,1,0
BRDA:300,46,0,0
BRDA:300,46,1,0
BRDA:312,47,0,0
BRDA:312,47,1,0
BRDA:318,48,0,0
BRDA:318,48,1,0
BRDA:318,49,0,0
BRDA:318,49,1,0
BRDA:323,50,0,0
BRDA:323,50,1,0
BRDA:323,51,0,0
BRDA:323,51,1,0
BRDA:323,51,2,0
BRDA:328,52,0,0
BRDA:328,52,1,0
BRDA:328,53,0,0
BRDA:328,53,1,0
BRDA:330,54,0,0
BRDA:330,54,1,0
BRDA:331,55,0,0
BRDA:331,55,1,0
BRDA:335,56,0,0
BRDA:335,56,1,0
BRDA:339,57,0,0
BRDA:339,57,1,0
BRDA:348,58,0,0
BRDA:348,58,1,0
BRDA:348,59,0,0
BRDA:348,59,1,0
BRDA:349,60,0,0
BRDA:349,60,1,0
BRDA:355,61,0,0
BRDA:355,61,1,0
BRDA:361,62,0,0
BRDA:361,62,1,0
BRDA:372,63,0,0
BRDA:372,63,1,0
BRDA:382,64,0,0
BRDA:382,64,1,0
BRDA:384,65,0,0
BRDA:384,65,1,0
BRDA:387,66,0,0
BRDA:387,66,1,0
BRDA:400,67,0,0
BRDA:400,67,1,0
BRDA:413,68,0,0
BRDA:413,68,1,0
BRDA:434,69,0,0
BRDA:434,69,1,0
BRDA:434,70,0,0
BRDA:434,70,1,0
BRDA:434,70,2,0
BRDA:438,71,0,0
BRDA:438,71,1,0
BRDA:438,72,0,0
BRDA:438,72,1,0
BRDA:453,73,0,0
BRDA:453,73,1,0
BRDA:454,74,0,0
BRDA:454,74,1,0
BRDA:454,75,0,0
BRDA:454,75,1,0
BRDA:456,76,0,0
BRDA:456,76,1,0
BRDA:462,77,0,0
BRDA:462,77,1,0
BRDA:462,78,0,0
BRDA:462,78,1,0
BRDA:467,79,0,0
BRDA:467,79,1,0
BRDA:467,80,0,0
BRDA:467,80,1,0
BRDA:481,81,0,0
BRDA:481,81,1,0
BRDA:481,82,0,0
BRDA:481,82,1,0
BRDA:492,83,0,0
BRDA:492,83,1,0
BRDA:492,84,0,0
BRDA:492,84,1,0
BRDA:497,85,0,0
BRDA:497,85,1,0
BRDA:508,86,0,0
BRDA:508,86,1,0
BRDA:518,87,0,0
BRDA:518,87,1,0
BRDA:520,88,0,0
BRDA:520,88,1,0
BRDA:523,89,0,0
BRDA:523,89,1,0
BRDA:534,90,0,0
BRDA:534,90,1,0
BRDA:545,91,0,0
BRDA:545,91,1,0
BRDA:577,92,0,0
BRDA:577,92,1,0
BRDA:582,93,0,0
BRDA:582,93,1,0
BRDA:582,94,0,0
BRDA:582,94,1,0
BRDA:582,94,2,0
BRDA:587,95,0,0
BRDA:587,95,1,0
BRDA:587,96,0,0
BRDA:587,96,1,0
BRDA:591,97,0,0
BRDA:591,97,1,0
BRDA:596,98,0,0
BRDA:596,98,1,0
BRDA:596,99,0,0
BRDA:596,99,1,0
BRDA:610,100,0,0
BRDA:610,100,1,0
BRDA:615,101,0,0
BRDA:615,101,1,0
BRDA:620,102,0,0
BRDA:620,102,1,0
BRDA:629,103,0,1
BRDA:629,103,1,1
BRDA:636,104,0,1
BRDA:636,104,1,0
BRDA:645,105,0,0
BRDA:645,105,1,0
BRDA:645,106,0,0
BRDA:645,106,1,0
BRDA:666,107,0,0
BRDA:666,107,1,1
BRDA:673,108,0,1
BRDA:673,108,1,0
BRDA:681,109,0,1
BRDA:681,109,1,0
BRF:222
BRH:16
end_of_record
TN:
SF:public\js\util.js
FN:8,initCollapsibles
FN:13,(anonymous_1)
FN:23,(anonymous_2)
FN:44,(anonymous_3)
FN:87,observeDOMChanges
FN:88,(anonymous_5)
FNF:6
FNH:0
FNDA:0,initCollapsibles
FNDA:0,(anonymous_1)
FNDA:0,(anonymous_2)
FNDA:0,(anonymous_3)
FNDA:0,observeDOMChanges
FNDA:0,(anonymous_5)
DA:10,0
DA:13,0
DA:15,0
DA:16,0
DA:20,0
DA:23,0
DA:25,0
DA:28,0
DA:31,0
DA:32,0
DA:34,0
DA:35,0
DA:36,0
DA:39,0
DA:40,0
DA:41,0
DA:44,0
DA:45,0
DA:48,0
DA:49,0
DA:50,0
DA:51,0
DA:52,0
DA:58,0
DA:63,0
DA:64,0
DA:65,0
DA:67,0
DA:68,0
DA:69,0
DA:70,0
DA:72,0
DA:73,0
DA:74,0
DA:75,0
DA:76,0
DA:88,0
DA:89,0
DA:92,0
DA:94,0
DA:98,0
DA:99,0
DA:103,0
DA:104,0
DA:108,0
DA:115,0
LF:46
LH:0
BRDA:15,0,0,0
BRDA:15,0,1,0
BRDA:31,1,0,0
BRDA:31,1,1,0
BRDA:31,2,0,0
BRDA:31,2,1,0
BRDA:31,2,2,0
BRDA:32,3,0,0
BRDA:32,3,1,0
BRDA:32,4,0,0
BRDA:32,4,1,0
BRDA:48,5,0,0
BRDA:48,5,1,0
BRDA:63,6,0,0
BRDA:63,6,1,0
BRDA:65,7,0,0
BRDA:65,7,1,0
BRDA:65,8,0,0
BRDA:65,8,1,0
BRDA:65,8,2,0
BRDA:72,9,0,0
BRDA:72,9,1,0
BRDA:94,10,0,0
BRDA:94,10,1,0
BRDA:94,11,0,0
BRDA:94,11,1,0
BRDA:94,11,2,0
BRDA:94,11,3,0
BRDA:103,12,0,0
BRDA:103,12,1,0
BRF:30
BRH:0
end_of_record
TN:
SF:src\mistralHelper.js
FN:4,(anonymous_0)
FN:11,(anonymous_1)
FN:35,(anonymous_2)
FN:35,(anonymous_3)
FN:59,(anonymous_4)
FN:106,(anonymous_5)
FN:124,(anonymous_6)
FN:157,(anonymous_7)
FN:168,(anonymous_8)
FN:203,(anonymous_9)
FN:220,(anonymous_10)
FN:230,(anonymous_11)
FN:240,(anonymous_12)
FN:243,(anonymous_13)
FN:244,(anonymous_14)
FN:278,(anonymous_15)
FN:279,(anonymous_16)
FN:301,(anonymous_17)
FN:304,(anonymous_18)
FN:320,(anonymous_19)
FN:330,(anonymous_20)
FN:376,(anonymous_21)
FN:393,(anonymous_22)
FN:426,(anonymous_23)
FN:429,(anonymous_24)
FN:434,(anonymous_25)
FN:458,(anonymous_26)
FN:481,(anonymous_27)
FN:531,(anonymous_28)
FN:541,(anonymous_29)
FN:543,(anonymous_30)
FN:600,(anonymous_31)
FN:617,(anonymous_32)
FN:619,(anonymous_33)
FN:633,(anonymous_34)
FN:654,(anonymous_35)
FN:663,(anonymous_36)
FN:679,(anonymous_37)
FN:683,(anonymous_38)
FN:688,(anonymous_39)
FN:693,(anonymous_40)
FN:709,(anonymous_41)
FN:732,(anonymous_42)
FN:769,(anonymous_43)
FN:779,(anonymous_44)
FN:780,(anonymous_45)
FN:798,(anonymous_46)
FN:800,(anonymous_47)
FN:814,(anonymous_48)
FN:816,(anonymous_49)
FN:825,(anonymous_50)
FN:846,(anonymous_51)
FN:855,(anonymous_52)
FN:865,(anonymous_53)
FN:872,(anonymous_54)
FN:894,(anonymous_55)
FN:902,(anonymous_56)
FN:906,(anonymous_57)
FN:930,(anonymous_58)
FNF:59
FNH:0
FNDA:0,(anonymous_0)
FNDA:0,(anonymous_1)
FNDA:0,(anonymous_2)
FNDA:0,(anonymous_3)
FNDA:0,(anonymous_4)
FNDA:0,(anonymous_5)
FNDA:0,(anonymous_6)
FNDA:0,(anonymous_7)
FNDA:0,(anonymous_8)
FNDA:0,(anonymous_9)
FNDA:0,(anonymous_10)
FNDA:0,(anonymous_11)
FNDA:0,(anonymous_12)
FNDA:0,(anonymous_13)
FNDA:0,(anonymous_14)
FNDA:0,(anonymous_15)
FNDA:0,(anonymous_16)
FNDA:0,(anonymous_17)
FNDA:0,(anonymous_18)
FNDA:0,(anonymous_19)
FNDA:0,(anonymous_20)
FNDA:0,(anonymous_21)
FNDA:0,(anonymous_22)
FNDA:0,(anonymous_23)
FNDA:0,(anonymous_24)
FNDA:0,(anonymous_25)
FNDA:0,(anonymous_26)
FNDA:0,(anonymous_27)
FNDA:0,(anonymous_28)
FNDA:0,(anonymous_29)
FNDA:0,(anonymous_30)
FNDA:0,(anonymous_31)
FNDA:0,(anonymous_32)
FNDA:0,(anonymous_33)
FNDA:0,(anonymous_34)
FNDA:0,(anonymous_35)
FNDA:0,(anonymous_36)
FNDA:0,(anonymous_37)
FNDA:0,(anonymous_38)
FNDA:0,(anonymous_39)
FNDA:0,(anonymous_40)
FNDA:0,(anonymous_41)
FNDA:0,(anonymous_42)
FNDA:0,(anonymous_43)
FNDA:0,(anonymous_44)
FNDA:0,(anonymous_45)
FNDA:0,(anonymous_46)
FNDA:0,(anonymous_47)
FNDA:0,(anonymous_48)
FNDA:0,(anonymous_49)
FNDA:0,(anonymous_50)
FNDA:0,(anonymous_51)
FNDA:0,(anonymous_52)
FNDA:0,(anonymous_53)
FNDA:0,(anonymous_54)
FNDA:0,(anonymous_55)
FNDA:0,(anonymous_56)
FNDA:0,(anonymous_57)
FNDA:0,(anonymous_58)
DA:5,0
DA:6,0
DA:8,0
DA:12,0
DA:13,0
DA:14,0
DA:15,0
DA:16,0
DA:18,0
DA:28,0
DA:29,0
DA:35,0
DA:36,0
DA:37,0
DA:38,0
DA:39,0
DA:40,0
DA:41,0
DA:42,0
DA:43,0
DA:44,0
DA:46,0
DA:48,0
DA:52,0
DA:53,0
DA:56,0
DA:59,0
DA:61,0
DA:62,0
DA:65,0
DA:66,0
DA:69,0
DA:70,0
DA:73,0
DA:74,0
DA:77,0
DA:79,0
DA:83,0
DA:84,0
DA:88,0
DA:89,0
DA:93,0
DA:94,0
DA:98,0
DA:101,0
DA:102,0
DA:107,0
DA:125,0
DA:158,0
DA:160,0
DA:161,0
DA:162,0
DA:164,0
DA:165,0
DA:168,0
DA:171,0
DA:173,0
DA:175,0
DA:176,0
DA:177,0
DA:181,0
DA:183,0
DA:184,0
DA:190,0
DA:194,0
DA:199,0
DA:204,0
DA:207,0
DA:213,0
DA:214,0
DA:215,0
DA:216,0
DA:220,0
DA:221,0
DA:229,0
DA:231,0
DA:232,0
DA:233,0
DA:234,0
DA:236,0
DA:240,0
DA:241,0
DA:243,0
DA:244,0
DA:249,0
DA:276,0
DA:278,0
DA:279,0
DA:286,0
DA:291,0
DA:292,0
DA:293,0
DA:294,0
DA:296,0
DA:297,0
DA:299,0
DA:301,0
DA:303,0
DA:304,0
DA:305,0
DA:307,0
DA:310,0
DA:313,0
DA:317,0
DA:322,0
DA:323,0
DA:324,0
DA:328,0
DA:330,0
DA:331,0
DA:332,0
DA:340,0
DA:342,0
DA:343,0
DA:347,0
DA:348,0
DA:350,0
DA:353,0
DA:354,0
DA:355,0
DA:358,0
DA:363,0
DA:366,0
DA:367,0
DA:368,0
DA:369,0
DA:371,0
DA:377,0
DA:378,0
DA:381,0
DA:382,0
DA:386,0
DA:389,0
DA:393,0
DA:394,0
DA:395,0
DA:403,0
DA:404,0
DA:405,0
DA:408,0
DA:410,0
DA:411,0
DA:427,0
DA:428,0
DA:429,0
DA:432,0
DA:433,0
DA:434,0
DA:438,0
DA:439,0
DA:442,0
DA:448,0
DA:454,0
DA:455,0
DA:456,0
DA:458,0
DA:459,0
DA:460,0
DA:471,0
DA:472,0
DA:473,0
DA:474,0
DA:475,0
DA:476,0
DA:479,0
DA:481,0
DA:482,0
DA:483,0
DA:485,0
DA:486,0
DA:487,0
DA:489,0
DA:492,0
DA:493,0
DA:496,0
DA:497,0
DA:498,0
DA:500,0
DA:502,0
DA:503,0
DA:504,0
DA:505,0
DA:506,0
DA:507,0
DA:510,0
DA:513,0
DA:514,0
DA:518,0
DA:520,0
DA:521,0
DA:524,0
DA:525,0
DA:531,0
DA:532,0
DA:533,0
DA:534,0
DA:536,0
DA:541,0
DA:543,0
DA:545,0
DA:546,0
DA:547,0
DA:551,0
DA:552,0
DA:553,0
DA:554,0
DA:555,0
DA:559,0
DA:560,0
DA:563,0
DA:564,0
DA:565,0
DA:567,0
DA:568,0
DA:569,0
DA:573,0
DA:580,0
DA:581,0
DA:585,0
DA:588,0
DA:589,0
DA:590,0
DA:592,0
DA:596,0
DA:597,0
DA:598,0
DA:599,0
DA:600,0
DA:601,0
DA:606,0
DA:607,0
DA:610,0
DA:612,0
DA:613,0
DA:617,0
DA:619,0
DA:622,0
DA:628,0
DA:629,0
DA:633,0
DA:637,0
DA:645,0
DA:649,0
DA:650,0
DA:653,0
DA:654,0
DA:656,0
DA:660,0
DA:661,0
DA:663,0
DA:667,0
DA:681,0
DA:682,0
DA:683,0
DA:686,0
DA:687,0
DA:688,0
DA:691,0
DA:692,0
DA:693,0
DA:697,0
DA:700,0
DA:705,0
DA:706,0
DA:707,0
DA:709,0
DA:710,0
DA:711,0
DA:725,0
DA:726,0
DA:727,0
DA:728,0
DA:730,0
DA:732,0
DA:733,0
DA:734,0
DA:736,0
DA:737,0
DA:738,0
DA:740,0
DA:743,0
DA:744,0
DA:747,0
DA:748,0
DA:749,0
DA:751,0
DA:752,0
DA:753,0
DA:756,0
DA:758,0
DA:759,0
DA:762,0
DA:763,0
DA:769,0
DA:770,0
DA:771,0
DA:772,0
DA:774,0
DA:779,0
DA:780,0
DA:783,0
DA:784,0
DA:785,0
DA:787,0
DA:791,0
DA:792,0
DA:793,0
DA:795,0
DA:798,0
DA:800,0
DA:803,0
DA:809,0
DA:810,0
DA:814,0
DA:816,0
DA:819,0
DA:820,0
DA:825,0
DA:829,0
DA:837,0
DA:841,0
DA:842,0
DA:845,0
DA:846,0
DA:848,0
DA:852,0
DA:853,0
DA:855,0
DA:859,0
DA:866,0
DA:867,0
DA:868,0
DA:872,0
DA:873,0
DA:874,0
DA:876,0
DA:877,0
DA:878,0
DA:879,0
DA:880,0
DA:883,0
DA:888,0
DA:890,0
DA:895,0
DA:896,0
DA:898,0
DA:903,0
DA:904,0
DA:905,0
DA:907,0
DA:908,0
DA:910,0
DA:912,0
DA:914,0
DA:915,0
DA:916,0
DA:917,0
DA:919,0
DA:924,0
DA:925,0
DA:931,0
LF:361
LH:0
BRDA:5,0,0,0
BRDA:5,0,1,0
BRDA:5,1,0,0
BRDA:5,1,1,0
BRDA:5,1,2,0
BRDA:11,2,0,0
BRDA:15,3,0,0
BRDA:15,3,1,0
BRDA:16,4,0,0
BRDA:16,4,1,0
BRDA:24,5,0,0
BRDA:24,5,1,0
BRDA:28,6,0,0
BRDA:28,6,1,0
BRDA:36,7,0,0
BRDA:36,7,1,0
BRDA:36,8,0,0
BRDA:36,8,1,0
BRDA:39,9,0,0
BRDA:39,9,1,0
BRDA:39,10,0,0
BRDA:39,10,1,0
BRDA:41,11,0,0
BRDA:41,11,1,0
BRDA:42,12,0,0
BRDA:42,12,1,0
BRDA:43,13,0,0
BRDA:43,13,1,0
BRDA:52,14,0,0
BRDA:52,14,1,0
BRDA:53,15,0,0
BRDA:53,15,1,0
BRDA:61,16,0,0
BRDA:61,16,1,0
BRDA:61,17,0,0
BRDA:61,17,1,0
BRDA:65,18,0,0
BRDA:65,18,1,0
BRDA:69,19,0,0
BRDA:69,19,1,0
BRDA:69,20,0,0
BRDA:69,20,1,0
BRDA:73,21,0,0
BRDA:73,21,1,0
BRDA:77,22,0,0
BRDA:77,22,1,0
BRDA:77,23,0,0
BRDA:77,23,1,0
BRDA:83,24,0,0
BRDA:83,24,1,0
BRDA:83,25,0,0
BRDA:83,25,1,0
BRDA:88,26,0,0
BRDA:88,26,1,0
BRDA:88,27,0,0
BRDA:88,27,1,0
BRDA:93,28,0,0
BRDA:93,28,1,0
BRDA:93,29,0,0
BRDA:93,29,1,0
BRDA:98,30,0,0
BRDA:98,30,1,0
BRDA:157,31,0,0
BRDA:162,32,0,0
BRDA:162,32,1,0
BRDA:164,33,0,0
BRDA:164,33,1,0
BRDA:175,34,0,0
BRDA:175,34,1,0
BRDA:175,35,0,0
BRDA:175,35,1,0
BRDA:175,35,2,0
BRDA:181,36,0,0
BRDA:181,36,1,0
BRDA:181,37,0,0
BRDA:181,37,1,0
BRDA:181,37,2,0
BRDA:183,38,0,0
BRDA:183,38,1,0
BRDA:183,39,0,0
BRDA:183,39,1,0
BRDA:184,40,0,0
BRDA:184,40,1,0
BRDA:187,41,0,0
BRDA:187,41,1,0
BRDA:187,42,0,0
BRDA:187,42,1,0
BRDA:204,43,0,0
BRDA:204,43,1,0
BRDA:215,44,0,0
BRDA:215,44,1,0
BRDA:231,45,0,0
BRDA:231,45,1,0
BRDA:231,46,0,0
BRDA:231,46,1,0
BRDA:233,47,0,0
BRDA:233,47,1,0
BRDA:291,48,0,0
BRDA:291,48,1,0
BRDA:291,49,0,0
BRDA:291,49,1,0
BRDA:297,50,0,0
BRDA:297,50,1,0
BRDA:297,51,0,0
BRDA:297,51,1,0
BRDA:322,52,0,0
BRDA:322,52,1,0
BRDA:323,53,0,0
BRDA:323,53,1,0
BRDA:342,54,0,0
BRDA:342,54,1,0
BRDA:354,55,0,0
BRDA:354,55,1,0
BRDA:366,56,0,0
BRDA:366,56,1,0
BRDA:371,57,0,0
BRDA:371,57,1,0
BRDA:377,58,0,0
BRDA:377,58,1,0
BRDA:377,59,0,0
BRDA:377,59,1,0
BRDA:381,60,0,0
BRDA:381,60,1,0
BRDA:381,61,0,0
BRDA:381,61,1,0
BRDA:404,62,0,0
BRDA:404,62,1,0
BRDA:410,63,0,0
BRDA:410,63,1,0
BRDA:411,64,0,0
BRDA:411,64,1,0
BRDA:427,65,0,0
BRDA:427,65,1,0
BRDA:427,66,0,0
BRDA:427,66,1,0
BRDA:427,66,2,0
BRDA:432,67,0,0
BRDA:432,67,1,0
BRDA:432,68,0,0
BRDA:432,68,1,0
BRDA:432,68,2,0
BRDA:438,69,0,0
BRDA:438,69,1,0
BRDA:483,70,0,0
BRDA:483,70,1,0
BRDA:487,71,0,0
BRDA:487,71,1,0
BRDA:487,72,0,0
BRDA:487,72,1,0
BRDA:492,73,0,0
BRDA:492,73,1,0
BRDA:498,74,0,0
BRDA:498,74,1,0
BRDA:500,75,0,0
BRDA:500,75,1,0
BRDA:502,76,0,0
BRDA:502,76,1,0
BRDA:502,77,0,0
BRDA:502,77,1,0
BRDA:506,78,0,0
BRDA:506,78,1,0
BRDA:513,79,0,0
BRDA:513,79,1,0
BRDA:520,80,0,0
BRDA:520,80,1,0
BRDA:524,81,0,0
BRDA:524,81,1,0
BRDA:546,82,0,0
BRDA:546,82,1,0
BRDA:551,83,0,0
BRDA:551,83,1,0
BRDA:563,84,0,0
BRDA:563,84,1,0
BRDA:567,85,0,0
BRDA:567,85,1,0
BRDA:580,86,0,0
BRDA:580,86,1,0
BRDA:589,87,0,0
BRDA:589,87,1,0
BRDA:598,88,0,0
BRDA:598,88,1,0
BRDA:601,89,0,0
BRDA:601,89,1,0
BRDA:606,90,0,0
BRDA:606,90,1,0
BRDA:645,91,0,0
BRDA:645,91,1,0
BRDA:645,92,0,0
BRDA:645,92,1,0
BRDA:645,92,2,0
BRDA:645,92,3,0
BRDA:645,92,4,0
BRDA:681,93,0,0
BRDA:681,93,1,0
BRDA:681,94,0,0
BRDA:681,94,1,0
BRDA:686,95,0,0
BRDA:686,95,1,0
BRDA:686,96,0,0
BRDA:686,96,1,0
BRDA:691,97,0,0
BRDA:691,97,1,0
BRDA:691,98,0,0
BRDA:691,98,1,0
BRDA:691,98,2,0
BRDA:734,99,0,0
BRDA:734,99,1,0
BRDA:738,100,0,0
BRDA:738,100,1,0
BRDA:738,101,0,0
BRDA:738,101,1,0
BRDA:743,102,0,0
BRDA:743,102,1,0
BRDA:749,103,0,0
BRDA:749,103,1,0
BRDA:751,104,0,0
BRDA:751,104,1,0
BRDA:758,105,0,0
BRDA:758,105,1,0
BRDA:762,106,0,0
BRDA:762,106,1,0
BRDA:783,107,0,0
BRDA:783,107,1,0
BRDA:791,108,0,0
BRDA:791,108,1,0
BRDA:819,109,0,0
BRDA:819,109,1,0
BRDA:837,110,0,0
BRDA:837,110,1,0
BRDA:837,111,0,0
BRDA:837,111,1,0
BRDA:837,111,2,0
BRDA:837,111,3,0
BRDA:837,111,4,0
BRDA:867,112,0,0
BRDA:867,112,1,0
BRDA:867,113,0,0
BRDA:867,113,1,0
BRDA:876,114,0,0
BRDA:876,114,1,0
BRDA:876,115,0,0
BRDA:876,115,1,0
BRDA:895,116,0,0
BRDA:895,116,1,0
BRDA:895,117,0,0
BRDA:895,117,1,0
BRDA:908,118,0,0
BRDA:908,118,1,0
BRDA:908,119,0,0
BRDA:908,119,1,0
BRDA:912,120,0,0
BRDA:912,120,1,0
BRDA:916,121,0,0
BRDA:916,121,1,0
BRDA:917,122,0,0
BRDA:917,122,1,0
BRDA:931,123,0,0
BRDA:931,123,1,0
BRDA:931,123,2,0
BRF:259
BRH:0
end_of_record
TN:
SF:src\server.js
FN:28,(anonymous_0)
FN:30,(anonymous_1)
FN:38,(anonymous_2)
FN:58,(anonymous_3)
FN:59,(anonymous_4)
FN:67,(anonymous_5)
FN:71,(anonymous_6)
FN:78,(anonymous_7)
FN:88,(anonymous_8)
FN:89,(anonymous_9)
FN:101,(anonymous_10)
FN:106,(anonymous_11)
FN:147,(anonymous_12)
FN:206,(anonymous_13)
FN:251,(anonymous_14)
FN:283,(anonymous_15)
FN:287,(anonymous_16)
FN:291,(anonymous_17)
FN:303,(anonymous_18)
FN:309,(anonymous_19)
FN:316,(anonymous_20)
FN:339,(anonymous_21)
FN:349,(anonymous_22)
FN:351,(anonymous_23)
FN:354,(anonymous_24)
FN:358,(anonymous_25)
FN:359,(anonymous_26)
FN:362,(anonymous_27)
FN:366,(anonymous_28)
FN:367,(anonymous_29)
FN:373,(anonymous_30)
FN:374,(anonymous_31)
FN:380,(anonymous_32)
FN:451,(anonymous_33)
FN:494,(anonymous_34)
FN:509,(anonymous_35)
FN:511,(anonymous_36)
FN:514,(anonymous_37)
FN:520,(anonymous_38)
FN:527,(anonymous_39)
FN:532,(anonymous_40)
FN:538,(anonymous_41)
FN:544,(anonymous_42)
FN:552,(anonymous_43)
FN:556,(anonymous_44)
FN:569,(anonymous_45)
FN:575,(anonymous_46)
FN:582,(anonymous_47)
FN:586,generateHTMLPreview
FN:595,(anonymous_49)
FN:608,(anonymous_50)
FN:631,(anonymous_51)
FN:652,(anonymous_52)
FN:713,(anonymous_53)
FN:724,(anonymous_54)
FN:735,cleanupOldFiles
FN:787,(anonymous_56)
FN:800,(anonymous_57)
FN:801,(anonymous_58)
FN:817,(anonymous_59)
FN:826,(anonymous_60)
FNF:61
FNH:0
FNDA:0,(anonymous_0)
FNDA:0,(anonymous_1)
FNDA:0,(anonymous_2)
FNDA:0,(anonymous_3)
FNDA:0,(anonymous_4)
FNDA:0,(anonymous_5)
FNDA:0,(anonymous_6)
FNDA:0,(anonymous_7)
FNDA:0,(anonymous_8)
FNDA:0,(anonymous_9)
FNDA:0,(anonymous_10)
FNDA:0,(anonymous_11)
FNDA:0,(anonymous_12)
FNDA:0,(anonymous_13)
FNDA:0,(anonymous_14)
FNDA:0,(anonymous_15)
FNDA:0,(anonymous_16)
FNDA:0,(anonymous_17)
FNDA:0,(anonymous_18)
FNDA:0,(anonymous_19)
FNDA:0,(anonymous_20)
FNDA:0,(anonymous_21)
FNDA:0,(anonymous_22)
FNDA:0,(anonymous_23)
FNDA:0,(anonymous_24)
FNDA:0,(anonymous_25)
FNDA:0,(anonymous_26)
FNDA:0,(anonymous_27)
FNDA:0,(anonymous_28)
FNDA:0,(anonymous_29)
FNDA:0,(anonymous_30)
FNDA:0,(anonymous_31)
FNDA:0,(anonymous_32)
FNDA:0,(anonymous_33)
FNDA:0,(anonymous_34)
FNDA:0,(anonymous_35)
FNDA:0,(anonymous_36)
FNDA:0,(anonymous_37)
FNDA:0,(anonymous_38)
FNDA:0,(anonymous_39)
FNDA:0,(anonymous_40)
FNDA:0,(anonymous_41)
FNDA:0,(anonymous_42)
FNDA:0,(anonymous_43)
FNDA:0,(anonymous_44)
FNDA:0,(anonymous_45)
FNDA:0,(anonymous_46)
FNDA:0,(anonymous_47)
FNDA:0,generateHTMLPreview
FNDA:0,(anonymous_49)
FNDA:0,(anonymous_50)
FNDA:0,(anonymous_51)
FNDA:0,(anonymous_52)
FNDA:0,(anonymous_53)
FNDA:0,(anonymous_54)
FNDA:0,cleanupOldFiles
FNDA:0,(anonymous_56)
FNDA:0,(anonymous_57)
FNDA:0,(anonymous_58)
FNDA:0,(anonymous_59)
FNDA:0,(anonymous_60)
DA:13,0
DA:17,0
DA:18,0
DA:21,0
DA:28,0
DA:29,0
DA:31,0
DA:32,0
DA:33,0
DA:35,0
DA:39,0
DA:40,0
DA:43,0
DA:47,0
DA:48,0
DA:49,0
DA:50,0
DA:51,0
DA:52,0
DA:53,0
DA:55,0
DA:58,0
DA:59,0
DA:60,0
DA:61,0
DA:66,0
DA:68,0
DA:69,0
DA:72,0
DA:76,0
DA:79,0
DA:80,0
DA:81,0
DA:83,0
DA:88,0
DA:89,0
DA:90,0
DA:91,0
DA:93,0
DA:94,0
DA:96,0
DA:101,0
DA:102,0
DA:106,0
DA:107,0
DA:108,0
DA:109,0
DA:116,0
DA:119,0
DA:130,0
DA:131,0
DA:134,0
DA:135,0
DA:136,0
DA:138,0
DA:139,0
DA:147,0
DA:148,0
DA:149,0
DA:150,0
DA:161,0
DA:163,0
DA:166,0
DA:171,0
DA:174,0
DA:175,0
DA:176,0
DA:177,0
DA:180,0
DA:181,0
DA:182,0
DA:185,0
DA:186,0
DA:187,0
DA:188,0
DA:190,0
DA:196,0
DA:197,0
DA:206,0
DA:207,0
DA:208,0
DA:209,0
DA:216,0
DA:219,0
DA:231,0
DA:232,0
DA:235,0
DA:238,0
DA:239,0
DA:240,0
DA:242,0
DA:243,0
DA:251,0
DA:252,0
DA:253,0
DA:255,0
DA:256,0
DA:257,0
DA:258,0
DA:263,0
DA:264,0
DA:265,0
DA:270,0
DA:273,0
DA:280,0
DA:283,0
DA:284,0
DA:285,0
DA:286,0
DA:287,0
DA:290,0
DA:291,0
DA:292,0
DA:293,0
DA:301,0
DA:302,0
DA:303,0
DA:304,0
DA:305,0
DA:309,0
DA:310,0
DA:311,0
DA:316,0
DA:319,0
DA:320,0
DA:321,0
DA:322,0
DA:323,0
DA:327,0
DA:328,0
DA:329,0
DA:330,0
DA:334,0
DA:335,0
DA:338,0
DA:339,0
DA:342,0
DA:343,0
DA:345,0
DA:346,0
DA:350,0
DA:351,0
DA:355,0
DA:356,0
DA:357,0
DA:358,0
DA:359,0
DA:363,0
DA:364,0
DA:365,0
DA:366,0
DA:367,0
DA:371,0
DA:372,0
DA:373,0
DA:374,0
DA:380,0
DA:381,0
DA:382,0
DA:383,0
DA:384,0
DA:386,0
DA:387,0
DA:397,0
DA:398,0
DA:400,0
DA:401,0
DA:404,0
DA:407,0
DA:419,0
DA:425,0
DA:428,0
DA:430,0
DA:436,0
DA:437,0
DA:443,0
DA:451,0
DA:453,0
DA:454,0
DA:455,0
DA:458,0
DA:459,0
DA:460,0
DA:461,0
DA:462,0
DA:463,0
DA:466,0
DA:469,0
DA:470,0
DA:473,0
DA:474,0
DA:475,0
DA:476,0
DA:477,0
DA:481,0
DA:482,0
DA:483,0
DA:484,0
DA:485,0
DA:489,0
DA:490,0
DA:493,0
DA:494,0
DA:495,0
DA:496,0
DA:500,0
DA:501,0
DA:502,0
DA:505,0
DA:510,0
DA:511,0
DA:516,0
DA:519,0
DA:520,0
DA:521,0
DA:522,0
DA:523,0
DA:527,0
DA:528,0
DA:533,0
DA:534,0
DA:537,0
DA:538,0
DA:539,0
DA:540,0
DA:544,0
DA:545,0
DA:552,0
DA:553,0
DA:554,0
DA:555,0
DA:556,0
DA:559,0
DA:560,0
DA:561,0
DA:567,0
DA:568,0
DA:569,0
DA:570,0
DA:571,0
DA:575,0
DA:576,0
DA:577,0
DA:582,0
DA:587,0
DA:590,0
DA:591,0
DA:594,0
DA:595,0
DA:596,0
DA:597,0
DA:598,0
DA:599,0
DA:600,0
DA:601,0
DA:602,0
DA:604,0
DA:605,0
DA:606,0
DA:607,0
DA:608,0
DA:609,0
DA:611,0
DA:616,0
DA:617,0
DA:618,0
DA:619,0
DA:620,0
DA:622,0
DA:623,0
DA:626,0
DA:627,0
DA:631,0
DA:632,0
DA:633,0
DA:634,0
DA:640,0
DA:641,0
DA:643,0
DA:644,0
DA:652,0
DA:653,0
DA:654,0
DA:655,0
DA:661,0
DA:662,0
DA:663,0
DA:665,0
DA:666,0
DA:675,0
DA:676,0
DA:682,0
DA:683,0
DA:684,0
DA:685,0
DA:686,0
DA:688,0
DA:689,0
DA:695,0
DA:696,0
DA:697,0
DA:701,0
DA:703,0
DA:704,0
DA:713,0
DA:714,0
DA:715,0
DA:720,0
DA:724,0
DA:725,0
DA:726,0
DA:731,0
DA:736,0
DA:738,0
DA:740,0
DA:742,0
DA:743,0
DA:744,0
DA:747,0
DA:748,0
DA:750,0
DA:751,0
DA:752,0
DA:754,0
DA:755,0
DA:756,0
DA:759,0
DA:760,0
DA:761,0
DA:762,0
DA:763,0
DA:765,0
DA:769,0
DA:773,0
DA:779,0
DA:781,0
DA:783,0
DA:787,0
DA:789,0
DA:790,0
DA:791,0
DA:794,0
DA:795,0
DA:798,0
DA:800,0
DA:801,0
DA:803,0
DA:804,0
DA:808,0
DA:809,0
DA:812,0
DA:813,0
DA:817,0
DA:818,0
DA:819,0
DA:820,0
DA:822,0
DA:826,0
DA:827,0
DA:828,0
DA:829,0
DA:834,0
DA:838,0
DA:839,0
LF:364
LH:0
BRDA:13,0,0,0
BRDA:13,0,1,0
BRDA:31,1,0,0
BRDA:31,1,1,0
BRDA:60,2,0,0
BRDA:60,2,1,0
BRDA:79,3,0,0
BRDA:79,3,1,0
BRDA:90,4,0,0
BRDA:90,4,1,0
BRDA:93,5,0,0
BRDA:93,5,1,0
BRDA:93,6,0,0
BRDA:93,6,1,0
BRDA:108,7,0,0
BRDA:108,7,1,0
BRDA:108,8,0,0
BRDA:108,8,1,0
BRDA:149,9,0,0
BRDA:149,9,1,0
BRDA:149,10,0,0
BRDA:149,10,1,0
BRDA:149,10,2,0
BRDA:175,11,0,0
BRDA:175,11,1,0
BRDA:186,12,0,0
BRDA:186,12,1,0
BRDA:200,13,0,0
BRDA:200,13,1,0
BRDA:208,14,0,0
BRDA:208,14,1,0
BRDA:208,15,0,0
BRDA:208,15,1,0
BRDA:256,16,0,0
BRDA:256,16,1,0
BRDA:263,17,0,0
BRDA:263,17,1,0
BRDA:284,18,0,0
BRDA:284,18,1,0
BRDA:290,19,0,0
BRDA:290,19,1,0
BRDA:290,20,0,0
BRDA:290,20,1,0
BRDA:290,20,2,0
BRDA:292,21,0,0
BRDA:292,21,1,0
BRDA:310,22,0,0
BRDA:310,22,1,0
BRDA:319,23,0,0
BRDA:319,23,1,0
BRDA:327,24,0,0
BRDA:327,24,1,0
BRDA:334,25,0,0
BRDA:334,25,1,0
BRDA:386,26,0,0
BRDA:386,26,1,0
BRDA:386,27,0,0
BRDA:386,27,1,0
BRDA:386,27,2,0
BRDA:428,28,0,0
BRDA:428,28,1,0
BRDA:428,29,0,0
BRDA:428,29,1,0
BRDA:428,29,2,0
BRDA:436,30,0,0
BRDA:436,30,1,0
BRDA:459,31,0,0
BRDA:459,31,1,0
BRDA:459,32,0,0
BRDA:459,32,1,0
BRDA:473,33,0,0
BRDA:473,33,1,0
BRDA:481,34,0,0
BRDA:481,34,1,0
BRDA:489,35,0,0
BRDA:489,35,1,0
BRDA:554,36,0,0
BRDA:554,36,1,0
BRDA:559,37,0,0
BRDA:559,37,1,0
BRDA:559,38,0,0
BRDA:559,38,1,0
BRDA:559,38,2,0
BRDA:576,39,0,0
BRDA:576,39,1,0
BRDA:590,40,0,0
BRDA:590,40,1,0
BRDA:594,41,0,0
BRDA:594,41,1,0
BRDA:596,42,0,0
BRDA:596,42,1,0
BRDA:598,43,0,0
BRDA:598,43,1,0
BRDA:600,44,0,0
BRDA:600,44,1,0
BRDA:601,45,0,0
BRDA:601,45,1,0
BRDA:602,46,0,0
BRDA:602,46,1,0
BRDA:604,47,0,0
BRDA:604,47,1,0
BRDA:606,48,0,0
BRDA:606,48,1,0
BRDA:616,49,0,0
BRDA:616,49,1,0
BRDA:616,50,0,0
BRDA:616,50,1,0
BRDA:618,51,0,0
BRDA:618,51,1,0
BRDA:619,52,0,0
BRDA:619,52,1,0
BRDA:620,53,0,0
BRDA:620,53,1,0
BRDA:622,54,0,0
BRDA:622,54,1,0
BRDA:633,55,0,0
BRDA:633,55,1,0
BRDA:654,56,0,0
BRDA:654,56,1,0
BRDA:703,57,0,0
BRDA:703,57,1,0
BRDA:714,58,0,0
BRDA:714,58,1,0
BRDA:714,59,0,0
BRDA:714,59,1,0
BRDA:725,60,0,0
BRDA:725,60,1,0
BRDA:738,61,0,0
BRDA:738,61,1,0
BRDA:742,62,0,0
BRDA:742,62,1,0
BRDA:755,63,0,0
BRDA:755,63,1,0
BRDA:760,64,0,0
BRDA:760,64,1,0
BRDA:779,65,0,0
BRDA:779,65,1,0
BRDA:789,66,0,0
BRDA:789,66,1,0
BRDA:789,67,0,0
BRDA:789,67,1,0
BRDA:803,68,0,0
BRDA:803,68,1,0
BRDA:812,69,0,0
BRDA:812,69,1,0
BRDA:818,70,0,0
BRDA:818,70,1,0
BRDA:838,71,0,0
BRDA:838,71,1,0
BRF:149
BRH:0
end_of_record
TN:
SF:src\streamingHandler.js
FN:3,(anonymous_0)
FN:18,(anonymous_1)
FNF:2
FNH:0
FNDA:0,(anonymous_0)
FNDA:0,(anonymous_1)
DA:1,0
DA:3,0
DA:4,0
DA:5,0
DA:7,0
DA:8,0
DA:10,0
DA:11,0
DA:13,0
DA:14,0
DA:18,0
DA:19,0
DA:20,0
DA:28,0
LF:14
LH:0
BRDA:4,0,0,0
BRDA:4,0,1,0
BRDA:7,1,0,0
BRDA:7,1,1,0
BRDA:10,2,0,0
BRDA:10,2,1,0
BRDA:13,3,0,0
BRDA:13,3,1,0
BRF:8
BRH:0
end_of_record
